{"C:\\Users\\User\\Desktop\\Proyectos\\nir-monitor\\src\\main\\devices\\gps\\GPSDriver.ts": {"path":"C:\\Users\\User\\Desktop\\Proyectos\\nir-monitor\\src\\main\\devices\\gps\\GPSDriver.ts","statementMap":{"0":{"start":{"line":17,"column":39},"end":{"line":20,"column":null}},"1":{"start":{"line":24,"column":25},"end":{"line":24,"column":null}},"2":{"start":{"line":26,"column":36},"end":{"line":26,"column":null}},"3":{"start":{"line":27,"column":46},"end":{"line":27,"column":null}},"4":{"start":{"line":28,"column":28},"end":{"line":28,"column":null}},"5":{"start":{"line":30,"column":53},"end":{"line":30,"column":null}},"6":{"start":{"line":33,"column":4},"end":{"line":33,"column":null}},"7":{"start":{"line":34,"column":4},"end":{"line":34,"column":null}},"8":{"start":{"line":36,"column":4},"end":{"line":42,"column":null}},"9":{"start":{"line":48,"column":4},"end":{"line":48,"column":null}},"10":{"start":{"line":50,"column":4},"end":{"line":57,"column":null}},"11":{"start":{"line":60,"column":4},"end":{"line":60,"column":null}},"12":{"start":{"line":62,"column":4},"end":{"line":62,"column":null}},"13":{"start":{"line":63,"column":4},"end":{"line":63,"column":null}},"14":{"start":{"line":64,"column":4},"end":{"line":64,"column":null}},"15":{"start":{"line":68,"column":4},"end":{"line":68,"column":null}},"16":{"start":{"line":70,"column":4},"end":{"line":73,"column":null}},"17":{"start":{"line":71,"column":6},"end":{"line":71,"column":null}},"18":{"start":{"line":72,"column":6},"end":{"line":72,"column":null}},"19":{"start":{"line":75,"column":4},"end":{"line":77,"column":null}},"20":{"start":{"line":76,"column":6},"end":{"line":76,"column":null}},"21":{"start":{"line":79,"column":4},"end":{"line":79,"column":null}},"22":{"start":{"line":83,"column":4},"end":{"line":83,"column":null}},"23":{"start":{"line":89,"column":4},"end":{"line":89,"column":null}},"24":{"start":{"line":93,"column":4},"end":{"line":93,"column":null}},"25":{"start":{"line":97,"column":4},"end":{"line":97,"column":null}},"26":{"start":{"line":103,"column":4},"end":{"line":105,"column":null}},"27":{"start":{"line":104,"column":6},"end":{"line":104,"column":null}},"28":{"start":{"line":107,"column":4},"end":{"line":110,"column":null}},"29":{"start":{"line":108,"column":6},"end":{"line":108,"column":null}},"30":{"start":{"line":109,"column":6},"end":{"line":109,"column":null}},"31":{"start":{"line":112,"column":4},"end":{"line":115,"column":null}},"32":{"start":{"line":113,"column":6},"end":{"line":113,"column":null}},"33":{"start":{"line":114,"column":6},"end":{"line":114,"column":null}},"34":{"start":{"line":119,"column":4},"end":{"line":119,"column":null}},"35":{"start":{"line":119,"column":31},"end":{"line":119,"column":null}},"36":{"start":{"line":121,"column":4},"end":{"line":121,"column":null}},"37":{"start":{"line":123,"column":4},"end":{"line":188,"column":null}},"38":{"start":{"line":124,"column":12},"end":{"line":124,"column":null}},"39":{"start":{"line":126,"column":6},"end":{"line":185,"column":null}},"40":{"start":{"line":128,"column":22},"end":{"line":128,"column":null}},"41":{"start":{"line":129,"column":24},"end":{"line":129,"column":null}},"42":{"start":{"line":131,"column":10},"end":{"line":152,"column":null}},"43":{"start":{"line":133,"column":12},"end":{"line":135,"column":null}},"44":{"start":{"line":134,"column":14},"end":{"line":134,"column":null}},"45":{"start":{"line":137,"column":12},"end":{"line":142,"column":null}},"46":{"start":{"line":143,"column":12},"end":{"line":143,"column":null}},"47":{"start":{"line":146,"column":12},"end":{"line":151,"column":null}},"48":{"start":{"line":147,"column":14},"end":{"line":147,"column":null}},"49":{"start":{"line":148,"column":14},"end":{"line":148,"column":null}},"50":{"start":{"line":149,"column":14},"end":{"line":149,"column":null}},"51":{"start":{"line":150,"column":14},"end":{"line":150,"column":null}},"52":{"start":{"line":154,"column":10},"end":{"line":154,"column":null}},"53":{"start":{"line":155,"column":10},"end":{"line":155,"column":null}},"54":{"start":{"line":158,"column":10},"end":{"line":158,"column":null}},"55":{"start":{"line":159,"column":10},"end":{"line":159,"column":null}},"56":{"start":{"line":164,"column":22},"end":{"line":164,"column":null}},"57":{"start":{"line":165,"column":10},"end":{"line":168,"column":null}},"58":{"start":{"line":166,"column":12},"end":{"line":166,"column":null}},"59":{"start":{"line":167,"column":12},"end":{"line":167,"column":null}},"60":{"start":{"line":169,"column":10},"end":{"line":169,"column":null}},"61":{"start":{"line":174,"column":22},"end":{"line":174,"column":null}},"62":{"start":{"line":175,"column":23},"end":{"line":175,"column":null}},"63":{"start":{"line":176,"column":10},"end":{"line":178,"column":null}},"64":{"start":{"line":176,"column":29},"end":{"line":176,"column":null}},"65":{"start":{"line":176,"column":50},"end":{"line":178,"column":null}},"66":{"start":{"line":177,"column":34},"end":{"line":177,"column":null}},"67":{"start":{"line":178,"column":15},"end":{"line":178,"column":null}},"68":{"start":{"line":179,"column":10},"end":{"line":179,"column":null}},"69":{"start":{"line":184,"column":10},"end":{"line":184,"column":null}},"70":{"start":{"line":194,"column":4},"end":{"line":196,"column":null}},"71":{"start":{"line":195,"column":6},"end":{"line":195,"column":null}},"72":{"start":{"line":195,"column":32},"end":{"line":195,"column":62}},"73":{"start":{"line":200,"column":4},"end":{"line":202,"column":null}},"74":{"start":{"line":201,"column":6},"end":{"line":201,"column":null}},"75":{"start":{"line":201,"column":29},"end":{"line":201,"column":38}},"76":{"start":{"line":206,"column":4},"end":{"line":206,"column":null}},"77":{"start":{"line":207,"column":4},"end":{"line":207,"column":null}}},"fnMap":{"0":{"name":"(anonymous_0)","decl":{"start":{"line":32,"column":2},"end":{"line":32,"column":14}},"loc":{"start":{"line":32,"column":33},"end":{"line":43,"column":null}},"line":32},"1":{"name":"(anonymous_1)","decl":{"start":{"line":47,"column":8},"end":{"line":47,"column":33}},"loc":{"start":{"line":47,"column":33},"end":{"line":65,"column":null}},"line":47},"2":{"name":"(anonymous_2)","decl":{"start":{"line":67,"column":8},"end":{"line":67,"column":36}},"loc":{"start":{"line":67,"column":36},"end":{"line":80,"column":null}},"line":67},"3":{"name":"(anonymous_3)","decl":{"start":{"line":82,"column":2},"end":{"line":82,"column":25}},"loc":{"start":{"line":82,"column":25},"end":{"line":84,"column":null}},"line":82},"4":{"name":"(anonymous_4)","decl":{"start":{"line":88,"column":2},"end":{"line":88,"column":40}},"loc":{"start":{"line":88,"column":40},"end":{"line":90,"column":null}},"line":88},"5":{"name":"(anonymous_5)","decl":{"start":{"line":92,"column":2},"end":{"line":92,"column":29}},"loc":{"start":{"line":92,"column":29},"end":{"line":94,"column":null}},"line":92},"6":{"name":"(anonymous_6)","decl":{"start":{"line":96,"column":2},"end":{"line":96,"column":23}},"loc":{"start":{"line":96,"column":23},"end":{"line":98,"column":null}},"line":96},"7":{"name":"(anonymous_7)","decl":{"start":{"line":102,"column":10},"end":{"line":102,"column":31}},"loc":{"start":{"line":102,"column":31},"end":{"line":116,"column":null}},"line":102},"8":{"name":"(anonymous_8)","decl":{"start":{"line":103,"column":32},"end":{"line":103,"column":33}},"loc":{"start":{"line":103,"column":50},"end":{"line":105,"column":5}},"line":103},"9":{"name":"(anonymous_9)","decl":{"start":{"line":107,"column":27},"end":{"line":107,"column":28}},"loc":{"start":{"line":107,"column":43},"end":{"line":110,"column":5}},"line":107},"10":{"name":"(anonymous_10)","decl":{"start":{"line":112,"column":27},"end":{"line":112,"column":33}},"loc":{"start":{"line":112,"column":33},"end":{"line":115,"column":5}},"line":112},"11":{"name":"(anonymous_11)","decl":{"start":{"line":118,"column":10},"end":{"line":118,"column":25}},"loc":{"start":{"line":118,"column":45},"end":{"line":189,"column":null}},"line":118},"12":{"name":"(anonymous_12)","decl":{"start":{"line":146,"column":48},"end":{"line":146,"column":54}},"loc":{"start":{"line":146,"column":54},"end":{"line":151,"column":15}},"line":146},"13":{"name":"(anonymous_13)","decl":{"start":{"line":193,"column":10},"end":{"line":193,"column":36}},"loc":{"start":{"line":193,"column":36},"end":{"line":197,"column":null}},"line":193},"14":{"name":"(anonymous_14)","decl":{"start":{"line":194,"column":23},"end":{"line":194,"column":24}},"loc":{"start":{"line":194,"column":44},"end":{"line":196,"column":5}},"line":194},"15":{"name":"(anonymous_15)","decl":{"start":{"line":195,"column":22},"end":{"line":195,"column":23}},"loc":{"start":{"line":195,"column":32},"end":{"line":195,"column":62}},"line":195},"16":{"name":"(anonymous_16)","decl":{"start":{"line":199,"column":10},"end":{"line":199,"column":37}},"loc":{"start":{"line":199,"column":37},"end":{"line":203,"column":null}},"line":199},"17":{"name":"(anonymous_17)","decl":{"start":{"line":200,"column":23},"end":{"line":200,"column":24}},"loc":{"start":{"line":200,"column":36},"end":{"line":202,"column":5}},"line":200},"18":{"name":"(anonymous_18)","decl":{"start":{"line":201,"column":23},"end":{"line":201,"column":29}},"loc":{"start":{"line":201,"column":29},"end":{"line":201,"column":38}},"line":201},"19":{"name":"(anonymous_19)","decl":{"start":{"line":205,"column":10},"end":{"line":205,"column":20}},"loc":{"start":{"line":205,"column":48},"end":{"line":208,"column":null}},"line":205}},"branchMap":{"0":{"loc":{"start":{"line":70,"column":4},"end":{"line":73,"column":null}},"type":"if","locations":[{"start":{"line":70,"column":4},"end":{"line":73,"column":null}},{"start":{},"end":{}}],"line":70},"1":{"loc":{"start":{"line":75,"column":4},"end":{"line":77,"column":null}},"type":"if","locations":[{"start":{"line":75,"column":4},"end":{"line":77,"column":null}},{"start":{},"end":{}}],"line":75},"2":{"loc":{"start":{"line":83,"column":11},"end":{"line":83,"column":null}},"type":"binary-expr","locations":[{"start":{"line":83,"column":11},"end":{"line":83,"column":43}},{"start":{"line":83,"column":43},"end":{"line":83,"column":64}},{"start":{"line":83,"column":64},"end":{"line":83,"column":null}}],"line":83},"3":{"loc":{"start":{"line":119,"column":4},"end":{"line":119,"column":null}},"type":"if","locations":[{"start":{"line":119,"column":4},"end":{"line":119,"column":null}},{"start":{},"end":{}}],"line":119},"4":{"loc":{"start":{"line":126,"column":6},"end":{"line":185,"column":null}},"type":"switch","locations":[{"start":{"line":127,"column":8},"end":{"line":160,"column":null}},{"start":{"line":162,"column":8},"end":{"line":170,"column":null}},{"start":{"line":172,"column":8},"end":{"line":180,"column":null}},{"start":{"line":183,"column":8},"end":{"line":184,"column":null}}],"line":126},"5":{"loc":{"start":{"line":131,"column":10},"end":{"line":152,"column":null}},"type":"if","locations":[{"start":{"line":131,"column":10},"end":{"line":152,"column":null}},{"start":{},"end":{}}],"line":131},"6":{"loc":{"start":{"line":133,"column":12},"end":{"line":135,"column":null}},"type":"if","locations":[{"start":{"line":133,"column":12},"end":{"line":135,"column":null}},{"start":{},"end":{}}],"line":133},"7":{"loc":{"start":{"line":165,"column":10},"end":{"line":168,"column":null}},"type":"if","locations":[{"start":{"line":165,"column":10},"end":{"line":168,"column":null}},{"start":{},"end":{}}],"line":165},"8":{"loc":{"start":{"line":176,"column":10},"end":{"line":178,"column":null}},"type":"if","locations":[{"start":{"line":176,"column":10},"end":{"line":178,"column":null}},{"start":{"line":176,"column":50},"end":{"line":178,"column":null}}],"line":176},"9":{"loc":{"start":{"line":176,"column":50},"end":{"line":178,"column":null}},"type":"if","locations":[{"start":{"line":176,"column":50},"end":{"line":178,"column":null}},{"start":{"line":178,"column":15},"end":{"line":178,"column":null}}],"line":176},"10":{"loc":{"start":{"line":195,"column":32},"end":{"line":195,"column":62}},"type":"cond-expr","locations":[{"start":{"line":195,"column":38},"end":{"line":195,"column":52}},{"start":{"line":195,"column":52},"end":{"line":195,"column":62}}],"line":195}},"s":{"0":2,"1":11,"2":11,"3":11,"4":11,"5":11,"6":11,"7":11,"8":11,"9":11,"10":11,"11":11,"12":11,"13":2,"14":2,"15":1,"16":1,"17":0,"18":0,"19":1,"20":1,"21":1,"22":0,"23":0,"24":0,"25":0,"26":2,"27":6,"28":2,"29":0,"30":0,"31":2,"32":1,"33":1,"34":6,"35":1,"36":5,"37":5,"38":5,"39":5,"40":2,"41":2,"42":2,"43":2,"44":0,"45":2,"46":2,"47":2,"48":1,"49":1,"50":1,"51":1,"52":2,"53":2,"54":2,"55":2,"56":2,"57":2,"58":2,"59":2,"60":2,"61":1,"62":1,"63":1,"64":1,"65":0,"66":0,"67":0,"68":1,"69":0,"70":8,"71":8,"72":8,"73":1,"74":1,"75":1,"76":15,"77":15},"f":{"0":11,"1":11,"2":1,"3":0,"4":0,"5":0,"6":0,"7":2,"8":6,"9":0,"10":1,"11":6,"12":1,"13":8,"14":8,"15":8,"16":1,"17":1,"18":1,"19":15},"b":{"0":[0,1],"1":[1,0],"2":[0,0,0],"3":[1,5],"4":[5,2,1,0],"5":[2,0],"6":[0,2],"7":[2,0],"8":[1,0],"9":[0,0],"10":[6,2]},"meta":{"lastBranch":11,"lastFunction":20,"lastStatement":78,"seen":{"s:17:39:20:Infinity":0,"s:24:25:24:Infinity":1,"s:26:36:26:Infinity":2,"s:27:46:27:Infinity":3,"s:28:28:28:Infinity":4,"s:30:53:30:Infinity":5,"f:32:2:32:14":0,"s:33:4:33:Infinity":6,"s:34:4:34:Infinity":7,"s:36:4:42:Infinity":8,"f:47:8:47:33":1,"s:48:4:48:Infinity":9,"s:50:4:57:Infinity":10,"s:60:4:60:Infinity":11,"s:62:4:62:Infinity":12,"s:63:4:63:Infinity":13,"s:64:4:64:Infinity":14,"f:67:8:67:36":2,"s:68:4:68:Infinity":15,"b:70:4:73:Infinity:undefined:undefined:undefined:undefined":0,"s:70:4:73:Infinity":16,"s:71:6:71:Infinity":17,"s:72:6:72:Infinity":18,"b:75:4:77:Infinity:undefined:undefined:undefined:undefined":1,"s:75:4:77:Infinity":19,"s:76:6:76:Infinity":20,"s:79:4:79:Infinity":21,"f:82:2:82:25":3,"s:83:4:83:Infinity":22,"b:83:11:83:43:83:43:83:64:83:64:83:Infinity":2,"f:88:2:88:40":4,"s:89:4:89:Infinity":23,"f:92:2:92:29":5,"s:93:4:93:Infinity":24,"f:96:2:96:23":6,"s:97:4:97:Infinity":25,"f:102:10:102:31":7,"s:103:4:105:Infinity":26,"f:103:32:103:33":8,"s:104:6:104:Infinity":27,"s:107:4:110:Infinity":28,"f:107:27:107:28":9,"s:108:6:108:Infinity":29,"s:109:6:109:Infinity":30,"s:112:4:115:Infinity":31,"f:112:27:112:33":10,"s:113:6:113:Infinity":32,"s:114:6:114:Infinity":33,"f:118:10:118:25":11,"b:119:4:119:Infinity:undefined:undefined:undefined:undefined":3,"s:119:4:119:Infinity":34,"s:119:31:119:Infinity":35,"s:121:4:121:Infinity":36,"s:123:4:188:Infinity":37,"s:124:12:124:Infinity":38,"b:127:8:160:Infinity:162:8:170:Infinity:172:8:180:Infinity:183:8:184:Infinity":4,"s:126:6:185:Infinity":39,"s:128:22:128:Infinity":40,"s:129:24:129:Infinity":41,"b:131:10:152:Infinity:undefined:undefined:undefined:undefined":5,"s:131:10:152:Infinity":42,"b:133:12:135:Infinity:undefined:undefined:undefined:undefined":6,"s:133:12:135:Infinity":43,"s:134:14:134:Infinity":44,"s:137:12:142:Infinity":45,"s:143:12:143:Infinity":46,"s:146:12:151:Infinity":47,"f:146:48:146:54":12,"s:147:14:147:Infinity":48,"s:148:14:148:Infinity":49,"s:149:14:149:Infinity":50,"s:150:14:150:Infinity":51,"s:154:10:154:Infinity":52,"s:155:10:155:Infinity":53,"s:158:10:158:Infinity":54,"s:159:10:159:Infinity":55,"s:164:22:164:Infinity":56,"b:165:10:168:Infinity:undefined:undefined:undefined:undefined":7,"s:165:10:168:Infinity":57,"s:166:12:166:Infinity":58,"s:167:12:167:Infinity":59,"s:169:10:169:Infinity":60,"s:174:22:174:Infinity":61,"s:175:23:175:Infinity":62,"b:176:10:178:Infinity:176:50:178:Infinity":8,"s:176:10:178:Infinity":63,"s:176:29:176:Infinity":64,"b:176:50:178:Infinity:178:15:178:Infinity":9,"s:176:50:178:Infinity":65,"s:177:34:177:Infinity":66,"s:178:15:178:Infinity":67,"s:179:10:179:Infinity":68,"s:184:10:184:Infinity":69,"f:193:10:193:36":13,"s:194:4:196:Infinity":70,"f:194:23:194:24":14,"s:195:6:195:Infinity":71,"f:195:22:195:23":15,"s:195:32:195:62":72,"b:195:38:195:52:195:52:195:62":10,"f:199:10:199:37":16,"s:200:4:202:Infinity":73,"f:200:23:200:24":17,"s:201:6:201:Infinity":74,"f:201:23:201:29":18,"s:201:29:201:38":75,"f:205:10:205:20":19,"s:206:4:206:Infinity":76,"s:207:4:207:Infinity":77}}}
,"C:\\Users\\User\\Desktop\\Proyectos\\nir-monitor\\src\\main\\devices\\gps\\gps.types.ts": {"path":"C:\\Users\\User\\Desktop\\Proyectos\\nir-monitor\\src\\main\\devices\\gps\\gps.types.ts","statementMap":{"0":{"start":{"line":13,"column":43},"end":{"line":21,"column":null}}},"fnMap":{},"branchMap":{},"s":{"0":2},"f":{},"b":{},"meta":{"lastBranch":0,"lastFunction":0,"lastStatement":1,"seen":{"s:13:43:21:Infinity":0}}}
,"C:\\Users\\User\\Desktop\\Proyectos\\nir-monitor\\src\\main\\devices\\nbm550\\NBM550Driver.ts": {"path":"C:\\Users\\User\\Desktop\\Proyectos\\nir-monitor\\src\\main\\devices\\nbm550\\NBM550Driver.ts","statementMap":{"0":{"start":{"line":7,"column":28},"end":{"line":7,"column":null}},"1":{"start":{"line":8,"column":22},"end":{"line":8,"column":null}},"2":{"start":{"line":12,"column":25},"end":{"line":12,"column":null}},"3":{"start":{"line":14,"column":36},"end":{"line":14,"column":null}},"4":{"start":{"line":17,"column":35},"end":{"line":17,"column":null}},"5":{"start":{"line":18,"column":59},"end":{"line":18,"column":null}},"6":{"start":{"line":19,"column":50},"end":{"line":19,"column":null}},"7":{"start":{"line":20,"column":35},"end":{"line":20,"column":null}},"8":{"start":{"line":23,"column":4},"end":{"line":23,"column":null}},"9":{"start":{"line":24,"column":4},"end":{"line":24,"column":null}},"10":{"start":{"line":25,"column":4},"end":{"line":25,"column":null}},"11":{"start":{"line":27,"column":4},"end":{"line":33,"column":null}},"12":{"start":{"line":38,"column":4},"end":{"line":67,"column":null}},"13":{"start":{"line":39,"column":6},"end":{"line":39,"column":null}},"14":{"start":{"line":40,"column":6},"end":{"line":40,"column":null}},"15":{"start":{"line":42,"column":6},"end":{"line":49,"column":null}},"16":{"start":{"line":51,"column":6},"end":{"line":51,"column":null}},"17":{"start":{"line":52,"column":6},"end":{"line":52,"column":null}},"18":{"start":{"line":54,"column":6},"end":{"line":54,"column":null}},"19":{"start":{"line":55,"column":6},"end":{"line":55,"column":null}},"20":{"start":{"line":58,"column":6},"end":{"line":58,"column":null}},"21":{"start":{"line":59,"column":6},"end":{"line":59,"column":null}},"22":{"start":{"line":61,"column":6},"end":{"line":61,"column":null}},"23":{"start":{"line":64,"column":6},"end":{"line":64,"column":null}},"24":{"start":{"line":65,"column":6},"end":{"line":65,"column":null}},"25":{"start":{"line":66,"column":6},"end":{"line":66,"column":null}},"26":{"start":{"line":71,"column":4},"end":{"line":126,"column":null}},"27":{"start":{"line":72,"column":6},"end":{"line":72,"column":null}},"28":{"start":{"line":73,"column":6},"end":{"line":73,"column":null}},"29":{"start":{"line":75,"column":6},"end":{"line":82,"column":null}},"30":{"start":{"line":84,"column":6},"end":{"line":84,"column":null}},"31":{"start":{"line":85,"column":6},"end":{"line":85,"column":null}},"32":{"start":{"line":87,"column":6},"end":{"line":87,"column":null}},"33":{"start":{"line":90,"column":6},"end":{"line":90,"column":null}},"34":{"start":{"line":92,"column":6},"end":{"line":92,"column":null}},"35":{"start":{"line":93,"column":6},"end":{"line":93,"column":null}},"36":{"start":{"line":95,"column":6},"end":{"line":95,"column":null}},"37":{"start":{"line":97,"column":6},"end":{"line":97,"column":null}},"38":{"start":{"line":98,"column":6},"end":{"line":98,"column":null}},"39":{"start":{"line":100,"column":6},"end":{"line":100,"column":null}},"40":{"start":{"line":101,"column":6},"end":{"line":101,"column":null}},"41":{"start":{"line":103,"column":6},"end":{"line":103,"column":null}},"42":{"start":{"line":104,"column":6},"end":{"line":104,"column":null}},"43":{"start":{"line":106,"column":6},"end":{"line":106,"column":null}},"44":{"start":{"line":107,"column":6},"end":{"line":107,"column":null}},"45":{"start":{"line":110,"column":6},"end":{"line":110,"column":null}},"46":{"start":{"line":111,"column":22},"end":{"line":111,"column":null}},"47":{"start":{"line":112,"column":6},"end":{"line":112,"column":null}},"48":{"start":{"line":114,"column":19},"end":{"line":114,"column":null}},"49":{"start":{"line":115,"column":6},"end":{"line":118,"column":null}},"50":{"start":{"line":116,"column":8},"end":{"line":116,"column":null}},"51":{"start":{"line":117,"column":8},"end":{"line":117,"column":null}},"52":{"start":{"line":120,"column":6},"end":{"line":120,"column":null}},"53":{"start":{"line":121,"column":6},"end":{"line":121,"column":null}},"54":{"start":{"line":123,"column":6},"end":{"line":123,"column":null}},"55":{"start":{"line":124,"column":6},"end":{"line":124,"column":null}},"56":{"start":{"line":125,"column":6},"end":{"line":125,"column":null}},"57":{"start":{"line":130,"column":4},"end":{"line":133,"column":null}},"58":{"start":{"line":131,"column":6},"end":{"line":131,"column":null}},"59":{"start":{"line":132,"column":6},"end":{"line":132,"column":null}},"60":{"start":{"line":135,"column":4},"end":{"line":135,"column":null}},"61":{"start":{"line":139,"column":4},"end":{"line":139,"column":null}},"62":{"start":{"line":143,"column":4},"end":{"line":143,"column":null}},"63":{"start":{"line":149,"column":16},"end":{"line":149,"column":null}},"64":{"start":{"line":150,"column":19},"end":{"line":150,"column":null}},"65":{"start":{"line":151,"column":4},"end":{"line":154,"column":null}},"66":{"start":{"line":153,"column":6},"end":{"line":153,"column":null}},"67":{"start":{"line":155,"column":4},"end":{"line":155,"column":null}},"68":{"start":{"line":159,"column":4},"end":{"line":169,"column":null}},"69":{"start":{"line":160,"column":18},"end":{"line":160,"column":null}},"70":{"start":{"line":161,"column":22},"end":{"line":161,"column":null}},"71":{"start":{"line":162,"column":6},"end":{"line":164,"column":null}},"72":{"start":{"line":163,"column":8},"end":{"line":163,"column":null}},"73":{"start":{"line":165,"column":6},"end":{"line":165,"column":null}},"74":{"start":{"line":167,"column":6},"end":{"line":167,"column":null}},"75":{"start":{"line":168,"column":6},"end":{"line":168,"column":null}},"76":{"start":{"line":176,"column":4},"end":{"line":198,"column":null}},"77":{"start":{"line":177,"column":6},"end":{"line":179,"column":null}},"78":{"start":{"line":178,"column":8},"end":{"line":178,"column":null}},"79":{"start":{"line":181,"column":6},"end":{"line":181,"column":null}},"80":{"start":{"line":182,"column":6},"end":{"line":182,"column":null}},"81":{"start":{"line":184,"column":22},"end":{"line":187,"column":null}},"82":{"start":{"line":185,"column":8},"end":{"line":185,"column":null}},"83":{"start":{"line":186,"column":8},"end":{"line":186,"column":null}},"84":{"start":{"line":189,"column":6},"end":{"line":189,"column":null}},"85":{"start":{"line":191,"column":6},"end":{"line":197,"column":null}},"86":{"start":{"line":192,"column":8},"end":{"line":196,"column":null}},"87":{"start":{"line":193,"column":10},"end":{"line":193,"column":null}},"88":{"start":{"line":194,"column":10},"end":{"line":194,"column":null}},"89":{"start":{"line":195,"column":10},"end":{"line":195,"column":null}},"90":{"start":{"line":203,"column":21},"end":{"line":203,"column":null}},"91":{"start":{"line":204,"column":17},"end":{"line":204,"column":null}},"92":{"start":{"line":205,"column":4},"end":{"line":207,"column":null}},"93":{"start":{"line":206,"column":6},"end":{"line":206,"column":null}},"94":{"start":{"line":211,"column":4},"end":{"line":229,"column":null}},"95":{"start":{"line":212,"column":6},"end":{"line":212,"column":null}},"96":{"start":{"line":215,"column":29},"end":{"line":215,"column":null}},"97":{"start":{"line":216,"column":6},"end":{"line":228,"column":null}},"98":{"start":{"line":218,"column":25},"end":{"line":218,"column":null}},"99":{"start":{"line":219,"column":8},"end":{"line":219,"column":null}},"100":{"start":{"line":221,"column":8},"end":{"line":227,"column":null}},"101":{"start":{"line":222,"column":10},"end":{"line":222,"column":null}},"102":{"start":{"line":223,"column":26},"end":{"line":223,"column":null}},"103":{"start":{"line":224,"column":10},"end":{"line":224,"column":null}},"104":{"start":{"line":225,"column":10},"end":{"line":225,"column":null}},"105":{"start":{"line":226,"column":10},"end":{"line":226,"column":null}},"106":{"start":{"line":231,"column":4},"end":{"line":234,"column":null}},"107":{"start":{"line":232,"column":6},"end":{"line":232,"column":null}},"108":{"start":{"line":233,"column":6},"end":{"line":233,"column":null}},"109":{"start":{"line":236,"column":4},"end":{"line":238,"column":null}},"110":{"start":{"line":237,"column":6},"end":{"line":237,"column":null}},"111":{"start":{"line":244,"column":4},"end":{"line":246,"column":null}},"112":{"start":{"line":245,"column":6},"end":{"line":245,"column":null}},"113":{"start":{"line":245,"column":32},"end":{"line":245,"column":62}},"114":{"start":{"line":250,"column":4},"end":{"line":252,"column":null}},"115":{"start":{"line":251,"column":6},"end":{"line":251,"column":null}},"116":{"start":{"line":251,"column":29},"end":{"line":251,"column":38}},"117":{"start":{"line":256,"column":4},"end":{"line":256,"column":null}},"118":{"start":{"line":257,"column":4},"end":{"line":257,"column":null}},"119":{"start":{"line":261,"column":4},"end":{"line":261,"column":null}},"120":{"start":{"line":261,"column":36},"end":{"line":261,"column":59}}},"fnMap":{"0":{"name":"(anonymous_0)","decl":{"start":{"line":22,"column":2},"end":{"line":22,"column":14}},"loc":{"start":{"line":22,"column":36},"end":{"line":34,"column":null}},"line":22},"1":{"name":"(anonymous_1)","decl":{"start":{"line":37,"column":8},"end":{"line":37,"column":36}},"loc":{"start":{"line":37,"column":36},"end":{"line":68,"column":null}},"line":37},"2":{"name":"(anonymous_2)","decl":{"start":{"line":70,"column":8},"end":{"line":70,"column":33}},"loc":{"start":{"line":70,"column":33},"end":{"line":127,"column":null}},"line":70},"3":{"name":"(anonymous_3)","decl":{"start":{"line":129,"column":8},"end":{"line":129,"column":36}},"loc":{"start":{"line":129,"column":36},"end":{"line":136,"column":null}},"line":129},"4":{"name":"(anonymous_4)","decl":{"start":{"line":131,"column":49},"end":{"line":131,"column":55}},"loc":{"start":{"line":131,"column":55},"end":{"line":131,"column":57}},"line":131},"5":{"name":"(anonymous_5)","decl":{"start":{"line":138,"column":2},"end":{"line":138,"column":25}},"loc":{"start":{"line":138,"column":25},"end":{"line":140,"column":null}},"line":138},"6":{"name":"(anonymous_6)","decl":{"start":{"line":142,"column":8},"end":{"line":142,"column":38}},"loc":{"start":{"line":142,"column":38},"end":{"line":144,"column":null}},"line":142},"7":{"name":"(anonymous_7)","decl":{"start":{"line":148,"column":8},"end":{"line":148,"column":56}},"loc":{"start":{"line":148,"column":56},"end":{"line":156,"column":null}},"line":148},"8":{"name":"(anonymous_8)","decl":{"start":{"line":158,"column":8},"end":{"line":158,"column":46}},"loc":{"start":{"line":158,"column":46},"end":{"line":170,"column":null}},"line":158},"9":{"name":"(anonymous_9)","decl":{"start":{"line":175,"column":10},"end":{"line":175,"column":16}},"loc":{"start":{"line":175,"column":50},"end":{"line":199,"column":null}},"line":175},"10":{"name":"(anonymous_10)","decl":{"start":{"line":176,"column":23},"end":{"line":176,"column":24}},"loc":{"start":{"line":176,"column":44},"end":{"line":198,"column":5}},"line":176},"11":{"name":"(anonymous_11)","decl":{"start":{"line":184,"column":33},"end":{"line":184,"column":39}},"loc":{"start":{"line":184,"column":39},"end":{"line":187,"column":9}},"line":184},"12":{"name":"(anonymous_12)","decl":{"start":{"line":191,"column":41},"end":{"line":191,"column":42}},"loc":{"start":{"line":191,"column":50},"end":{"line":197,"column":7}},"line":191},"13":{"name":"(anonymous_13)","decl":{"start":{"line":202,"column":16},"end":{"line":202,"column":28}},"loc":{"start":{"line":202,"column":60},"end":{"line":208,"column":null}},"line":202},"14":{"name":"(anonymous_14)","decl":{"start":{"line":210,"column":10},"end":{"line":210,"column":37}},"loc":{"start":{"line":210,"column":37},"end":{"line":239,"column":null}},"line":210},"15":{"name":"(anonymous_15)","decl":{"start":{"line":211,"column":26},"end":{"line":211,"column":27}},"loc":{"start":{"line":211,"column":45},"end":{"line":229,"column":5}},"line":211},"16":{"name":"(anonymous_16)","decl":{"start":{"line":231,"column":27},"end":{"line":231,"column":28}},"loc":{"start":{"line":231,"column":43},"end":{"line":234,"column":5}},"line":231},"17":{"name":"(anonymous_17)","decl":{"start":{"line":236,"column":27},"end":{"line":236,"column":33}},"loc":{"start":{"line":236,"column":33},"end":{"line":238,"column":5}},"line":236},"18":{"name":"(anonymous_18)","decl":{"start":{"line":243,"column":10},"end":{"line":243,"column":36}},"loc":{"start":{"line":243,"column":36},"end":{"line":247,"column":null}},"line":243},"19":{"name":"(anonymous_19)","decl":{"start":{"line":244,"column":23},"end":{"line":244,"column":24}},"loc":{"start":{"line":244,"column":44},"end":{"line":246,"column":5}},"line":244},"20":{"name":"(anonymous_20)","decl":{"start":{"line":245,"column":22},"end":{"line":245,"column":23}},"loc":{"start":{"line":245,"column":32},"end":{"line":245,"column":62}},"line":245},"21":{"name":"(anonymous_21)","decl":{"start":{"line":249,"column":10},"end":{"line":249,"column":37}},"loc":{"start":{"line":249,"column":37},"end":{"line":253,"column":null}},"line":249},"22":{"name":"(anonymous_22)","decl":{"start":{"line":250,"column":23},"end":{"line":250,"column":24}},"loc":{"start":{"line":250,"column":36},"end":{"line":252,"column":5}},"line":250},"23":{"name":"(anonymous_23)","decl":{"start":{"line":251,"column":23},"end":{"line":251,"column":29}},"loc":{"start":{"line":251,"column":29},"end":{"line":251,"column":38}},"line":251},"24":{"name":"(anonymous_24)","decl":{"start":{"line":255,"column":10},"end":{"line":255,"column":20}},"loc":{"start":{"line":255,"column":48},"end":{"line":258,"column":null}},"line":255},"25":{"name":"(anonymous_25)","decl":{"start":{"line":260,"column":10},"end":{"line":260,"column":16}},"loc":{"start":{"line":260,"column":43},"end":{"line":262,"column":null}},"line":260},"26":{"name":"(anonymous_26)","decl":{"start":{"line":261,"column":23},"end":{"line":261,"column":24}},"loc":{"start":{"line":261,"column":36},"end":{"line":261,"column":59}},"line":261}},"branchMap":{"0":{"loc":{"start":{"line":115,"column":6},"end":{"line":118,"column":null}},"type":"if","locations":[{"start":{"line":115,"column":6},"end":{"line":118,"column":null}},{"start":{},"end":{}}],"line":115},"1":{"loc":{"start":{"line":130,"column":4},"end":{"line":133,"column":null}},"type":"if","locations":[{"start":{"line":130,"column":4},"end":{"line":133,"column":null}},{"start":{},"end":{}}],"line":130},"2":{"loc":{"start":{"line":139,"column":11},"end":{"line":139,"column":null}},"type":"binary-expr","locations":[{"start":{"line":139,"column":11},"end":{"line":139,"column":43}},{"start":{"line":139,"column":43},"end":{"line":139,"column":64}},{"start":{"line":139,"column":64},"end":{"line":139,"column":null}}],"line":139},"3":{"loc":{"start":{"line":151,"column":4},"end":{"line":154,"column":null}},"type":"if","locations":[{"start":{"line":151,"column":4},"end":{"line":154,"column":null}},{"start":{},"end":{}}],"line":151},"4":{"loc":{"start":{"line":162,"column":6},"end":{"line":164,"column":null}},"type":"if","locations":[{"start":{"line":162,"column":6},"end":{"line":164,"column":null}},{"start":{},"end":{}}],"line":162},"5":{"loc":{"start":{"line":177,"column":6},"end":{"line":179,"column":null}},"type":"if","locations":[{"start":{"line":177,"column":6},"end":{"line":179,"column":null}},{"start":{},"end":{}}],"line":177},"6":{"loc":{"start":{"line":192,"column":8},"end":{"line":196,"column":null}},"type":"if","locations":[{"start":{"line":192,"column":8},"end":{"line":196,"column":null}},{"start":{},"end":{}}],"line":192},"7":{"loc":{"start":{"line":205,"column":4},"end":{"line":207,"column":null}},"type":"if","locations":[{"start":{"line":205,"column":4},"end":{"line":207,"column":null}},{"start":{},"end":{}}],"line":205},"8":{"loc":{"start":{"line":216,"column":6},"end":{"line":228,"column":null}},"type":"if","locations":[{"start":{"line":216,"column":6},"end":{"line":228,"column":null}},{"start":{},"end":{}}],"line":216},"9":{"loc":{"start":{"line":221,"column":8},"end":{"line":227,"column":null}},"type":"if","locations":[{"start":{"line":221,"column":8},"end":{"line":227,"column":null}},{"start":{},"end":{}}],"line":221},"10":{"loc":{"start":{"line":245,"column":32},"end":{"line":245,"column":62}},"type":"cond-expr","locations":[{"start":{"line":245,"column":38},"end":{"line":245,"column":52}},{"start":{"line":245,"column":52},"end":{"line":245,"column":62}}],"line":245}},"s":{"0":2,"1":2,"2":11,"3":11,"4":11,"5":11,"6":11,"7":11,"8":11,"9":11,"10":11,"11":11,"12":7,"13":7,"14":7,"15":7,"16":7,"17":1,"18":1,"19":1,"20":1,"21":1,"22":1,"23":6,"24":6,"25":6,"26":4,"27":4,"28":4,"29":4,"30":4,"31":4,"32":4,"33":4,"34":4,"35":4,"36":1,"37":1,"38":1,"39":1,"40":1,"41":1,"42":1,"43":1,"44":1,"45":1,"46":1,"47":1,"48":1,"49":1,"50":1,"51":1,"52":1,"53":1,"54":3,"55":3,"56":3,"57":7,"58":1,"59":1,"60":7,"61":6,"62":0,"63":6,"64":6,"65":6,"66":6,"67":6,"68":2,"69":2,"70":2,"71":2,"72":2,"73":2,"74":0,"75":0,"76":19,"77":19,"78":3,"79":16,"80":16,"81":16,"82":0,"83":0,"84":16,"85":16,"86":16,"87":0,"88":0,"89":0,"90":10,"91":7,"92":7,"93":0,"94":5,"95":17,"96":17,"97":17,"98":16,"99":16,"100":16,"101":16,"102":16,"103":16,"104":16,"105":16,"106":5,"107":0,"108":0,"109":5,"110":1,"111":11,"112":11,"113":11,"114":1,"115":1,"116":1,"117":29,"118":29,"119":6,"120":6},"f":{"0":11,"1":7,"2":4,"3":7,"4":0,"5":6,"6":0,"7":6,"8":2,"9":19,"10":19,"11":0,"12":16,"13":10,"14":5,"15":17,"16":0,"17":1,"18":11,"19":11,"20":11,"21":1,"22":1,"23":1,"24":29,"25":6,"26":6},"b":{"0":[1,0],"1":[1,6],"2":[6,6,0],"3":[6,0],"4":[2,0],"5":[3,16],"6":[0,16],"7":[0,7],"8":[16,1],"9":[16,0],"10":[6,5]},"meta":{"lastBranch":11,"lastFunction":27,"lastStatement":121,"seen":{"s:7:28:7:Infinity":0,"s:8:22:8:Infinity":1,"s:12:25:12:Infinity":2,"s:14:36:14:Infinity":3,"s:17:35:17:Infinity":4,"s:18:59:18:Infinity":5,"s:19:50:19:Infinity":6,"s:20:35:20:Infinity":7,"f:22:2:22:14":0,"s:23:4:23:Infinity":8,"s:24:4:24:Infinity":9,"s:25:4:25:Infinity":10,"s:27:4:33:Infinity":11,"f:37:8:37:36":1,"s:38:4:67:Infinity":12,"s:39:6:39:Infinity":13,"s:40:6:40:Infinity":14,"s:42:6:49:Infinity":15,"s:51:6:51:Infinity":16,"s:52:6:52:Infinity":17,"s:54:6:54:Infinity":18,"s:55:6:55:Infinity":19,"s:58:6:58:Infinity":20,"s:59:6:59:Infinity":21,"s:61:6:61:Infinity":22,"s:64:6:64:Infinity":23,"s:65:6:65:Infinity":24,"s:66:6:66:Infinity":25,"f:70:8:70:33":2,"s:71:4:126:Infinity":26,"s:72:6:72:Infinity":27,"s:73:6:73:Infinity":28,"s:75:6:82:Infinity":29,"s:84:6:84:Infinity":30,"s:85:6:85:Infinity":31,"s:87:6:87:Infinity":32,"s:90:6:90:Infinity":33,"s:92:6:92:Infinity":34,"s:93:6:93:Infinity":35,"s:95:6:95:Infinity":36,"s:97:6:97:Infinity":37,"s:98:6:98:Infinity":38,"s:100:6:100:Infinity":39,"s:101:6:101:Infinity":40,"s:103:6:103:Infinity":41,"s:104:6:104:Infinity":42,"s:106:6:106:Infinity":43,"s:107:6:107:Infinity":44,"s:110:6:110:Infinity":45,"s:111:22:111:Infinity":46,"s:112:6:112:Infinity":47,"s:114:19:114:Infinity":48,"b:115:6:118:Infinity:undefined:undefined:undefined:undefined":0,"s:115:6:118:Infinity":49,"s:116:8:116:Infinity":50,"s:117:8:117:Infinity":51,"s:120:6:120:Infinity":52,"s:121:6:121:Infinity":53,"s:123:6:123:Infinity":54,"s:124:6:124:Infinity":55,"s:125:6:125:Infinity":56,"f:129:8:129:36":3,"b:130:4:133:Infinity:undefined:undefined:undefined:undefined":1,"s:130:4:133:Infinity":57,"s:131:6:131:Infinity":58,"f:131:49:131:55":4,"s:132:6:132:Infinity":59,"s:135:4:135:Infinity":60,"f:138:2:138:25":5,"s:139:4:139:Infinity":61,"b:139:11:139:43:139:43:139:64:139:64:139:Infinity":2,"f:142:8:142:38":6,"s:143:4:143:Infinity":62,"f:148:8:148:56":7,"s:149:16:149:Infinity":63,"s:150:19:150:Infinity":64,"b:151:4:154:Infinity:undefined:undefined:undefined:undefined":3,"s:151:4:154:Infinity":65,"s:153:6:153:Infinity":66,"s:155:4:155:Infinity":67,"f:158:8:158:46":8,"s:159:4:169:Infinity":68,"s:160:18:160:Infinity":69,"s:161:22:161:Infinity":70,"b:162:6:164:Infinity:undefined:undefined:undefined:undefined":4,"s:162:6:164:Infinity":71,"s:163:8:163:Infinity":72,"s:165:6:165:Infinity":73,"s:167:6:167:Infinity":74,"s:168:6:168:Infinity":75,"f:175:10:175:16":9,"s:176:4:198:Infinity":76,"f:176:23:176:24":10,"b:177:6:179:Infinity:undefined:undefined:undefined:undefined":5,"s:177:6:179:Infinity":77,"s:178:8:178:Infinity":78,"s:181:6:181:Infinity":79,"s:182:6:182:Infinity":80,"s:184:22:187:Infinity":81,"f:184:33:184:39":11,"s:185:8:185:Infinity":82,"s:186:8:186:Infinity":83,"s:189:6:189:Infinity":84,"s:191:6:197:Infinity":85,"f:191:41:191:42":12,"b:192:8:196:Infinity:undefined:undefined:undefined:undefined":6,"s:192:8:196:Infinity":86,"s:193:10:193:Infinity":87,"s:194:10:194:Infinity":88,"s:195:10:195:Infinity":89,"f:202:16:202:28":13,"s:203:21:203:Infinity":90,"s:204:17:204:Infinity":91,"b:205:4:207:Infinity:undefined:undefined:undefined:undefined":7,"s:205:4:207:Infinity":92,"s:206:6:206:Infinity":93,"f:210:10:210:37":14,"s:211:4:229:Infinity":94,"f:211:26:211:27":15,"s:212:6:212:Infinity":95,"s:215:29:215:Infinity":96,"b:216:6:228:Infinity:undefined:undefined:undefined:undefined":8,"s:216:6:228:Infinity":97,"s:218:25:218:Infinity":98,"s:219:8:219:Infinity":99,"b:221:8:227:Infinity:undefined:undefined:undefined:undefined":9,"s:221:8:227:Infinity":100,"s:222:10:222:Infinity":101,"s:223:26:223:Infinity":102,"s:224:10:224:Infinity":103,"s:225:10:225:Infinity":104,"s:226:10:226:Infinity":105,"s:231:4:234:Infinity":106,"f:231:27:231:28":16,"s:232:6:232:Infinity":107,"s:233:6:233:Infinity":108,"s:236:4:238:Infinity":109,"f:236:27:236:33":17,"s:237:6:237:Infinity":110,"f:243:10:243:36":18,"s:244:4:246:Infinity":111,"f:244:23:244:24":19,"s:245:6:245:Infinity":112,"f:245:22:245:23":20,"s:245:32:245:62":113,"b:245:38:245:52:245:52:245:62":10,"f:249:10:249:37":21,"s:250:4:252:Infinity":114,"f:250:23:250:24":22,"s:251:6:251:Infinity":115,"f:251:23:251:29":23,"s:251:29:251:38":116,"f:255:10:255:20":24,"s:256:4:256:Infinity":117,"s:257:4:257:Infinity":118,"f:260:10:260:16":25,"s:261:4:261:Infinity":119,"f:261:23:261:24":26,"s:261:36:261:59":120}}}
,"C:\\Users\\User\\Desktop\\Proyectos\\nir-monitor\\src\\main\\devices\\nbm550\\NBM550Parser.ts": {"path":"C:\\Users\\User\\Desktop\\Proyectos\\nir-monitor\\src\\main\\devices\\nbm550\\NBM550Parser.ts","statementMap":{"0":{"start":{"line":4,"column":25},"end":{"line":4,"column":null}},"1":{"start":{"line":7,"column":4},"end":{"line":7,"column":null}},"2":{"start":{"line":12,"column":4},"end":{"line":17,"column":null}},"3":{"start":{"line":23,"column":4},"end":{"line":42,"column":null}},"4":{"start":{"line":24,"column":20},"end":{"line":24,"column":null}},"5":{"start":{"line":25,"column":20},"end":{"line":25,"column":null}},"6":{"start":{"line":25,"column":48},"end":{"line":25,"column":56}},"7":{"start":{"line":27,"column":6},"end":{"line":27,"column":null}},"8":{"start":{"line":27,"column":28},"end":{"line":27,"column":null}},"9":{"start":{"line":29,"column":18},"end":{"line":29,"column":null}},"10":{"start":{"line":30,"column":6},"end":{"line":30,"column":null}},"11":{"start":{"line":30,"column":22},"end":{"line":30,"column":null}},"12":{"start":{"line":32,"column":22},"end":{"line":32,"column":null}},"13":{"start":{"line":34,"column":6},"end":{"line":39,"column":null}},"14":{"start":{"line":41,"column":6},"end":{"line":41,"column":null}},"15":{"start":{"line":47,"column":18},"end":{"line":47,"column":null}},"16":{"start":{"line":48,"column":18},"end":{"line":48,"column":null}},"17":{"start":{"line":49,"column":4},"end":{"line":49,"column":null}},"18":{"start":{"line":54,"column":4},"end":{"line":63,"column":null}},"19":{"start":{"line":55,"column":20},"end":{"line":55,"column":null}},"20":{"start":{"line":56,"column":22},"end":{"line":56,"column":null}},"21":{"start":{"line":57,"column":6},"end":{"line":59,"column":null}},"22":{"start":{"line":58,"column":8},"end":{"line":58,"column":null}},"23":{"start":{"line":60,"column":6},"end":{"line":60,"column":null}},"24":{"start":{"line":62,"column":6},"end":{"line":62,"column":null}},"25":{"start":{"line":68,"column":18},"end":{"line":68,"column":null}},"26":{"start":{"line":69,"column":17},"end":{"line":69,"column":null}},"27":{"start":{"line":70,"column":16},"end":{"line":73,"column":null}},"28":{"start":{"line":72,"column":18},"end":{"line":72,"column":68}},"29":{"start":{"line":74,"column":4},"end":{"line":74,"column":null}},"30":{"start":{"line":75,"column":4},"end":{"line":75,"column":null}}},"fnMap":{"0":{"name":"(anonymous_0)","decl":{"start":{"line":6,"column":2},"end":{"line":6,"column":10}},"loc":{"start":{"line":6,"column":30},"end":{"line":8,"column":null}},"line":6},"1":{"name":"(anonymous_1)","decl":{"start":{"line":11,"column":10},"end":{"line":11,"column":24}},"loc":{"start":{"line":11,"column":45},"end":{"line":18,"column":null}},"line":11},"2":{"name":"(anonymous_2)","decl":{"start":{"line":22,"column":2},"end":{"line":22,"column":19}},"loc":{"start":{"line":22,"column":53},"end":{"line":43,"column":null}},"line":22},"3":{"name":"(anonymous_3)","decl":{"start":{"line":25,"column":41},"end":{"line":25,"column":42}},"loc":{"start":{"line":25,"column":48},"end":{"line":25,"column":56}},"line":25},"4":{"name":"(anonymous_4)","decl":{"start":{"line":46,"column":2},"end":{"line":46,"column":12}},"loc":{"start":{"line":46,"column":40},"end":{"line":50,"column":null}},"line":46},"5":{"name":"(anonymous_5)","decl":{"start":{"line":53,"column":2},"end":{"line":53,"column":15}},"loc":{"start":{"line":53,"column":43},"end":{"line":64,"column":null}},"line":53},"6":{"name":"(anonymous_6)","decl":{"start":{"line":67,"column":2},"end":{"line":67,"column":17}},"loc":{"start":{"line":67,"column":38},"end":{"line":76,"column":null}},"line":67},"7":{"name":"(anonymous_7)","decl":{"start":{"line":72,"column":11},"end":{"line":72,"column":12}},"loc":{"start":{"line":72,"column":18},"end":{"line":72,"column":68}},"line":72}},"branchMap":{"0":{"loc":{"start":{"line":27,"column":6},"end":{"line":27,"column":null}},"type":"if","locations":[{"start":{"line":27,"column":6},"end":{"line":27,"column":null}},{"start":{},"end":{}}],"line":27},"1":{"loc":{"start":{"line":30,"column":6},"end":{"line":30,"column":null}},"type":"if","locations":[{"start":{"line":30,"column":6},"end":{"line":30,"column":null}},{"start":{},"end":{}}],"line":30},"2":{"loc":{"start":{"line":32,"column":22},"end":{"line":32,"column":null}},"type":"cond-expr","locations":[{"start":{"line":32,"column":33},"end":{"line":32,"column":54}},{"start":{"line":32,"column":54},"end":{"line":32,"column":null}}],"line":32},"3":{"loc":{"start":{"line":49,"column":11},"end":{"line":49,"column":null}},"type":"cond-expr","locations":[{"start":{"line":49,"column":35},"end":{"line":49,"column":43}},{"start":{"line":49,"column":43},"end":{"line":49,"column":null}}],"line":49},"4":{"loc":{"start":{"line":57,"column":6},"end":{"line":59,"column":null}},"type":"if","locations":[{"start":{"line":57,"column":6},"end":{"line":59,"column":null}},{"start":{},"end":{}}],"line":57},"5":{"loc":{"start":{"line":57,"column":10},"end":{"line":57,"column":58}},"type":"binary-expr","locations":[{"start":{"line":57,"column":10},"end":{"line":57,"column":28}},{"start":{"line":57,"column":28},"end":{"line":57,"column":43}},{"start":{"line":57,"column":43},"end":{"line":57,"column":58}}],"line":57},"6":{"loc":{"start":{"line":75,"column":11},"end":{"line":75,"column":null}},"type":"cond-expr","locations":[{"start":{"line":75,"column":25},"end":{"line":75,"column":29}},{"start":{"line":75,"column":29},"end":{"line":75,"column":null}}],"line":75}},"s":{"0":16,"1":2,"2":28,"3":8,"4":8,"5":8,"6":34,"7":8,"8":0,"9":8,"10":8,"11":1,"12":7,"13":8,"14":0,"15":3,"16":3,"17":3,"18":8,"19":8,"20":8,"21":8,"22":3,"23":5,"24":0,"25":9,"26":9,"27":9,"28":21,"29":9,"30":9},"f":{"0":2,"1":28,"2":8,"3":34,"4":3,"5":8,"6":9,"7":21},"b":{"0":[0,8],"1":[1,7],"2":[6,1],"3":[2,1],"4":[3,5],"5":[8,7,6],"6":[1,8]},"meta":{"lastBranch":7,"lastFunction":8,"lastStatement":31,"seen":{"s:4:25:4:Infinity":0,"f:6:2:6:10":0,"s:7:4:7:Infinity":1,"f:11:10:11:24":1,"s:12:4:17:Infinity":2,"f:22:2:22:19":2,"s:23:4:42:Infinity":3,"s:24:20:24:Infinity":4,"s:25:20:25:Infinity":5,"f:25:41:25:42":3,"s:25:48:25:56":6,"b:27:6:27:Infinity:undefined:undefined:undefined:undefined":0,"s:27:6:27:Infinity":7,"s:27:28:27:Infinity":8,"s:29:18:29:Infinity":9,"b:30:6:30:Infinity:undefined:undefined:undefined:undefined":1,"s:30:6:30:Infinity":10,"s:30:22:30:Infinity":11,"s:32:22:32:Infinity":12,"b:32:33:32:54:32:54:32:Infinity":2,"s:34:6:39:Infinity":13,"s:41:6:41:Infinity":14,"f:46:2:46:12":4,"s:47:18:47:Infinity":15,"s:48:18:48:Infinity":16,"s:49:4:49:Infinity":17,"b:49:35:49:43:49:43:49:Infinity":3,"f:53:2:53:15":5,"s:54:4:63:Infinity":18,"s:55:20:55:Infinity":19,"s:56:22:56:Infinity":20,"b:57:6:59:Infinity:undefined:undefined:undefined:undefined":4,"s:57:6:59:Infinity":21,"b:57:10:57:28:57:28:57:43:57:43:57:58":5,"s:58:8:58:Infinity":22,"s:60:6:60:Infinity":23,"s:62:6:62:Infinity":24,"f:67:2:67:17":6,"s:68:18:68:Infinity":25,"s:69:17:69:Infinity":26,"s:70:16:73:Infinity":27,"f:72:11:72:12":7,"s:72:18:72:68":28,"s:74:4:74:Infinity":29,"s:75:4:75:Infinity":30,"b:75:25:75:29:75:29:75:Infinity":6}}}
,"C:\\Users\\User\\Desktop\\Proyectos\\nir-monitor\\src\\main\\factories\\ServiceFactory.ts": {"path":"C:\\Users\\User\\Desktop\\Proyectos\\nir-monitor\\src\\main\\factories\\ServiceFactory.ts","statementMap":{"0":{"start":{"line":22,"column":18},"end":{"line":22,"column":null}},"1":{"start":{"line":23,"column":20},"end":{"line":23,"column":null}},"2":{"start":{"line":26,"column":24},"end":{"line":26,"column":null}},"3":{"start":{"line":29,"column":25},"end":{"line":29,"column":null}},"4":{"start":{"line":34,"column":2},"end":{"line":39,"column":null}}},"fnMap":{"0":{"name":"createServices","decl":{"start":{"line":20,"column":16},"end":{"line":20,"column":43}},"loc":{"start":{"line":20,"column":43},"end":{"line":40,"column":null}},"line":20}},"branchMap":{},"s":{"0":4,"1":4,"2":4,"3":4,"4":4},"f":{"0":4},"b":{},"meta":{"lastBranch":0,"lastFunction":1,"lastStatement":5,"seen":{"f:20:16:20:43":0,"s:22:18:22:Infinity":0,"s:23:20:23:Infinity":1,"s:26:24:26:Infinity":2,"s:29:25:29:Infinity":3,"s:34:2:39:Infinity":4}}}
,"C:\\Users\\User\\Desktop\\Proyectos\\nir-monitor\\src\\main\\infrastructure\\SerialPortScanner.ts": {"path":"C:\\Users\\User\\Desktop\\Proyectos\\nir-monitor\\src\\main\\infrastructure\\SerialPortScanner.ts","statementMap":{"0":{"start":{"line":8,"column":22},"end":{"line":8,"column":null}},"1":{"start":{"line":9,"column":22},"end":{"line":9,"column":null}},"2":{"start":{"line":10,"column":25},"end":{"line":10,"column":null}},"3":{"start":{"line":11,"column":23},"end":{"line":11,"column":null}},"4":{"start":{"line":15,"column":18},"end":{"line":15,"column":null}},"5":{"start":{"line":16,"column":4},"end":{"line":16,"column":null}},"6":{"start":{"line":16,"column":28},"end":{"line":16,"column":34}},"7":{"start":{"line":24,"column":18},"end":{"line":24,"column":null}},"8":{"start":{"line":25,"column":4},"end":{"line":25,"column":null}},"9":{"start":{"line":27,"column":33},"end":{"line":27,"column":null}},"10":{"start":{"line":28,"column":33},"end":{"line":28,"column":null}},"11":{"start":{"line":29,"column":42},"end":{"line":29,"column":null}},"12":{"start":{"line":31,"column":4},"end":{"line":50,"column":null}},"13":{"start":{"line":32,"column":6},"end":{"line":32,"column":null}},"14":{"start":{"line":32,"column":30},"end":{"line":32,"column":null}},"15":{"start":{"line":34,"column":6},"end":{"line":41,"column":null}},"16":{"start":{"line":35,"column":22},"end":{"line":35,"column":null}},"17":{"start":{"line":36,"column":8},"end":{"line":40,"column":null}},"18":{"start":{"line":37,"column":10},"end":{"line":37,"column":null}},"19":{"start":{"line":38,"column":10},"end":{"line":38,"column":null}},"20":{"start":{"line":39,"column":10},"end":{"line":39,"column":null}},"21":{"start":{"line":43,"column":6},"end":{"line":49,"column":null}},"22":{"start":{"line":44,"column":22},"end":{"line":44,"column":null}},"23":{"start":{"line":45,"column":8},"end":{"line":48,"column":null}},"24":{"start":{"line":46,"column":10},"end":{"line":46,"column":null}},"25":{"start":{"line":47,"column":10},"end":{"line":47,"column":null}},"26":{"start":{"line":52,"column":4},"end":{"line":52,"column":null}},"27":{"start":{"line":53,"column":4},"end":{"line":53,"column":null}},"28":{"start":{"line":57,"column":4},"end":{"line":57,"column":null}},"29":{"start":{"line":58,"column":19},"end":{"line":63,"column":null}},"30":{"start":{"line":65,"column":4},"end":{"line":82,"column":null}},"31":{"start":{"line":66,"column":27},"end":{"line":66,"column":null}},"32":{"start":{"line":67,"column":29},"end":{"line":69,"column":null}},"33":{"start":{"line":68,"column":8},"end":{"line":68,"column":null}},"34":{"start":{"line":68,"column":25},"end":{"line":68,"column":61}},"35":{"start":{"line":71,"column":6},"end":{"line":71,"column":null}},"36":{"start":{"line":72,"column":6},"end":{"line":72,"column":null}},"37":{"start":{"line":73,"column":6},"end":{"line":73,"column":null}},"38":{"start":{"line":75,"column":6},"end":{"line":75,"column":null}},"39":{"start":{"line":76,"column":6},"end":{"line":76,"column":null}},"40":{"start":{"line":80,"column":6},"end":{"line":80,"column":null}},"41":{"start":{"line":80,"column":31},"end":{"line":80,"column":49}},"42":{"start":{"line":81,"column":6},"end":{"line":81,"column":null}},"43":{"start":{"line":86,"column":4},"end":{"line":86,"column":null}},"44":{"start":{"line":87,"column":4},"end":{"line":146,"column":null}},"45":{"start":{"line":88,"column":21},"end":{"line":91,"column":null}},"46":{"start":{"line":93,"column":6},"end":{"line":139,"column":null}},"47":{"start":{"line":94,"column":23},"end":{"line":94,"column":null}},"48":{"start":{"line":96,"column":21},"end":{"line":105,"column":null}},"49":{"start":{"line":97,"column":10},"end":{"line":97,"column":null}},"50":{"start":{"line":98,"column":10},"end":{"line":104,"column":null}},"51":{"start":{"line":99,"column":12},"end":{"line":99,"column":null}},"52":{"start":{"line":100,"column":12},"end":{"line":100,"column":null}},"53":{"start":{"line":101,"column":12},"end":{"line":101,"column":null}},"54":{"start":{"line":102,"column":12},"end":{"line":102,"column":null}},"55":{"start":{"line":103,"column":12},"end":{"line":103,"column":null}},"56":{"start":{"line":108,"column":8},"end":{"line":120,"column":null}},"57":{"start":{"line":109,"column":10},"end":{"line":111,"column":null}},"58":{"start":{"line":112,"column":10},"end":{"line":119,"column":null}},"59":{"start":{"line":113,"column":12},"end":{"line":113,"column":null}},"60":{"start":{"line":114,"column":12},"end":{"line":114,"column":null}},"61":{"start":{"line":115,"column":12},"end":{"line":115,"column":null}},"62":{"start":{"line":116,"column":12},"end":{"line":116,"column":null}},"63":{"start":{"line":117,"column":12},"end":{"line":117,"column":null}},"64":{"start":{"line":118,"column":12},"end":{"line":118,"column":null}},"65":{"start":{"line":122,"column":8},"end":{"line":129,"column":null}},"66":{"start":{"line":123,"column":10},"end":{"line":123,"column":null}},"67":{"start":{"line":124,"column":10},"end":{"line":128,"column":null}},"68":{"start":{"line":125,"column":12},"end":{"line":125,"column":null}},"69":{"start":{"line":126,"column":12},"end":{"line":126,"column":null}},"70":{"start":{"line":127,"column":12},"end":{"line":127,"column":null}},"71":{"start":{"line":131,"column":8},"end":{"line":138,"column":null}},"72":{"start":{"line":132,"column":10},"end":{"line":132,"column":null}},"73":{"start":{"line":133,"column":10},"end":{"line":137,"column":null}},"74":{"start":{"line":134,"column":12},"end":{"line":134,"column":null}},"75":{"start":{"line":135,"column":12},"end":{"line":135,"column":null}},"76":{"start":{"line":136,"column":12},"end":{"line":136,"column":null}},"77":{"start":{"line":141,"column":6},"end":{"line":144,"column":null}},"78":{"start":{"line":145,"column":6},"end":{"line":145,"column":null}}},"fnMap":{"0":{"name":"(anonymous_0)","decl":{"start":{"line":14,"column":8},"end":{"line":14,"column":48}},"loc":{"start":{"line":14,"column":48},"end":{"line":17,"column":null}},"line":14},"1":{"name":"(anonymous_1)","decl":{"start":{"line":16,"column":21},"end":{"line":16,"column":22}},"loc":{"start":{"line":16,"column":28},"end":{"line":16,"column":34}},"line":16},"2":{"name":"(anonymous_2)","decl":{"start":{"line":19,"column":8},"end":{"line":19,"column":null}},"loc":{"start":{"line":23,"column":5},"end":{"line":54,"column":null}},"line":23},"3":{"name":"(anonymous_3)","decl":{"start":{"line":56,"column":8},"end":{"line":56,"column":17}},"loc":{"start":{"line":56,"column":79},"end":{"line":83,"column":null}},"line":56},"4":{"name":"(anonymous_4)","decl":{"start":{"line":67,"column":47},"end":{"line":67,"column":48}},"loc":{"start":{"line":68,"column":8},"end":{"line":68,"column":null}},"line":68},"5":{"name":"(anonymous_5)","decl":{"start":{"line":68,"column":19},"end":{"line":68,"column":25}},"loc":{"start":{"line":68,"column":25},"end":{"line":68,"column":61}},"line":68},"6":{"name":"(anonymous_6)","decl":{"start":{"line":80,"column":24},"end":{"line":80,"column":25}},"loc":{"start":{"line":80,"column":31},"end":{"line":80,"column":49}},"line":80},"7":{"name":"(anonymous_7)","decl":{"start":{"line":81,"column":38},"end":{"line":81,"column":44}},"loc":{"start":{"line":81,"column":44},"end":{"line":81,"column":46}},"line":81},"8":{"name":"(anonymous_8)","decl":{"start":{"line":85,"column":8},"end":{"line":85,"column":17}},"loc":{"start":{"line":85,"column":77},"end":{"line":147,"column":null}},"line":85},"9":{"name":"(anonymous_9)","decl":{"start":{"line":93,"column":40},"end":{"line":93,"column":41}},"loc":{"start":{"line":93,"column":53},"end":{"line":139,"column":7}},"line":93},"10":{"name":"(anonymous_10)","decl":{"start":{"line":96,"column":32},"end":{"line":96,"column":38}},"loc":{"start":{"line":96,"column":38},"end":{"line":105,"column":11}},"line":96},"11":{"name":"(anonymous_11)","decl":{"start":{"line":102,"column":38},"end":{"line":102,"column":44}},"loc":{"start":{"line":102,"column":44},"end":{"line":102,"column":46}},"line":102},"12":{"name":"(anonymous_12)","decl":{"start":{"line":108,"column":28},"end":{"line":108,"column":29}},"loc":{"start":{"line":108,"column":46},"end":{"line":120,"column":9}},"line":108},"13":{"name":"(anonymous_13)","decl":{"start":{"line":122,"column":27},"end":{"line":122,"column":28}},"loc":{"start":{"line":122,"column":36},"end":{"line":129,"column":9}},"line":122},"14":{"name":"(anonymous_14)","decl":{"start":{"line":131,"column":31},"end":{"line":131,"column":32}},"loc":{"start":{"line":131,"column":40},"end":{"line":138,"column":9}},"line":131}},"branchMap":{"0":{"loc":{"start":{"line":32,"column":6},"end":{"line":32,"column":null}},"type":"if","locations":[{"start":{"line":32,"column":6},"end":{"line":32,"column":null}},{"start":{},"end":{}}],"line":32},"1":{"loc":{"start":{"line":32,"column":10},"end":{"line":32,"column":30}},"type":"binary-expr","locations":[{"start":{"line":32,"column":10},"end":{"line":32,"column":21}},{"start":{"line":32,"column":21},"end":{"line":32,"column":30}}],"line":32},"2":{"loc":{"start":{"line":34,"column":6},"end":{"line":41,"column":null}},"type":"if","locations":[{"start":{"line":34,"column":6},"end":{"line":41,"column":null}},{"start":{},"end":{}}],"line":34},"3":{"loc":{"start":{"line":36,"column":8},"end":{"line":40,"column":null}},"type":"if","locations":[{"start":{"line":36,"column":8},"end":{"line":40,"column":null}},{"start":{},"end":{}}],"line":36},"4":{"loc":{"start":{"line":43,"column":6},"end":{"line":49,"column":null}},"type":"if","locations":[{"start":{"line":43,"column":6},"end":{"line":49,"column":null}},{"start":{},"end":{}}],"line":43},"5":{"loc":{"start":{"line":45,"column":8},"end":{"line":48,"column":null}},"type":"if","locations":[{"start":{"line":45,"column":8},"end":{"line":48,"column":null}},{"start":{},"end":{}}],"line":45},"6":{"loc":{"start":{"line":56,"column":31},"end":{"line":56,"column":79}},"type":"default-arg","locations":[{"start":{"line":56,"column":43},"end":{"line":56,"column":79}}],"line":56},"7":{"loc":{"start":{"line":85,"column":31},"end":{"line":85,"column":77}},"type":"default-arg","locations":[{"start":{"line":85,"column":43},"end":{"line":85,"column":77}}],"line":85},"8":{"loc":{"start":{"line":98,"column":10},"end":{"line":104,"column":null}},"type":"if","locations":[{"start":{"line":98,"column":10},"end":{"line":104,"column":null}},{"start":{},"end":{}}],"line":98},"9":{"loc":{"start":{"line":112,"column":10},"end":{"line":119,"column":null}},"type":"if","locations":[{"start":{"line":112,"column":10},"end":{"line":119,"column":null}},{"start":{},"end":{}}],"line":112},"10":{"loc":{"start":{"line":124,"column":10},"end":{"line":128,"column":null}},"type":"if","locations":[{"start":{"line":124,"column":10},"end":{"line":128,"column":null}},{"start":{},"end":{}}],"line":124},"11":{"loc":{"start":{"line":133,"column":10},"end":{"line":137,"column":null}},"type":"if","locations":[{"start":{"line":133,"column":10},"end":{"line":137,"column":null}},{"start":{},"end":{}}],"line":133},"12":{"loc":{"start":{"line":143,"column":8},"end":{"line":143,"column":null}},"type":"cond-expr","locations":[{"start":{"line":143,"column":33},"end":{"line":143,"column":49}},{"start":{"line":143,"column":49},"end":{"line":143,"column":null}}],"line":143}},"s":{"0":1,"1":1,"2":1,"3":1,"4":4,"5":4,"6":8,"7":4,"8":4,"9":4,"10":4,"11":4,"12":4,"13":8,"14":0,"15":8,"16":7,"17":7,"18":1,"19":1,"20":1,"21":7,"22":7,"23":7,"24":1,"25":1,"26":4,"27":4,"28":7,"29":7,"30":7,"31":7,"32":7,"33":7,"34":1,"35":7,"36":1,"37":1,"38":6,"39":6,"40":7,"41":7,"42":7,"43":7,"44":7,"45":7,"46":7,"47":7,"48":7,"49":0,"50":0,"51":0,"52":0,"53":0,"54":0,"55":0,"56":7,"57":1,"58":1,"59":1,"60":1,"61":1,"62":1,"63":1,"64":1,"65":7,"66":0,"67":0,"68":0,"69":0,"70":0,"71":7,"72":6,"73":6,"74":6,"75":6,"76":6,"77":0,"78":0},"f":{"0":4,"1":8,"2":4,"3":7,"4":7,"5":1,"6":7,"7":0,"8":7,"9":7,"10":0,"11":0,"12":1,"13":0,"14":6},"b":{"0":[0,8],"1":[8,1],"2":[7,1],"3":[1,6],"4":[7,0],"5":[1,6],"6":[7],"7":[7],"8":[0,0],"9":[1,0],"10":[0,0],"11":[6,0],"12":[0,0]},"meta":{"lastBranch":13,"lastFunction":15,"lastStatement":79,"seen":{"s:8:22:8:Infinity":0,"s:9:22:9:Infinity":1,"s:10:25:10:Infinity":2,"s:11:23:11:Infinity":3,"f:14:8:14:48":0,"s:15:18:15:Infinity":4,"s:16:4:16:Infinity":5,"f:16:21:16:22":1,"s:16:28:16:34":6,"f:19:8:19:Infinity":2,"s:24:18:24:Infinity":7,"s:25:4:25:Infinity":8,"s:27:33:27:Infinity":9,"s:28:33:28:Infinity":10,"s:29:42:29:Infinity":11,"s:31:4:50:Infinity":12,"b:32:6:32:Infinity:undefined:undefined:undefined:undefined":0,"s:32:6:32:Infinity":13,"b:32:10:32:21:32:21:32:30":1,"s:32:30:32:Infinity":14,"b:34:6:41:Infinity:undefined:undefined:undefined:undefined":2,"s:34:6:41:Infinity":15,"s:35:22:35:Infinity":16,"b:36:8:40:Infinity:undefined:undefined:undefined:undefined":3,"s:36:8:40:Infinity":17,"s:37:10:37:Infinity":18,"s:38:10:38:Infinity":19,"s:39:10:39:Infinity":20,"b:43:6:49:Infinity:undefined:undefined:undefined:undefined":4,"s:43:6:49:Infinity":21,"s:44:22:44:Infinity":22,"b:45:8:48:Infinity:undefined:undefined:undefined:undefined":5,"s:45:8:48:Infinity":23,"s:46:10:46:Infinity":24,"s:47:10:47:Infinity":25,"s:52:4:52:Infinity":26,"s:53:4:53:Infinity":27,"f:56:8:56:17":3,"b:56:43:56:79":6,"s:57:4:57:Infinity":28,"s:58:19:63:Infinity":29,"s:65:4:82:Infinity":30,"s:66:27:66:Infinity":31,"s:67:29:69:Infinity":32,"f:67:47:67:48":4,"s:68:8:68:Infinity":33,"f:68:19:68:25":5,"s:68:25:68:61":34,"s:71:6:71:Infinity":35,"s:72:6:72:Infinity":36,"s:73:6:73:Infinity":37,"s:75:6:75:Infinity":38,"s:76:6:76:Infinity":39,"s:80:6:80:Infinity":40,"f:80:24:80:25":6,"s:80:31:80:49":41,"s:81:6:81:Infinity":42,"f:81:38:81:44":7,"f:85:8:85:17":8,"b:85:43:85:77":7,"s:86:4:86:Infinity":43,"s:87:4:146:Infinity":44,"s:88:21:91:Infinity":45,"s:93:6:139:Infinity":46,"f:93:40:93:41":9,"s:94:23:94:Infinity":47,"s:96:21:105:Infinity":48,"f:96:32:96:38":10,"s:97:10:97:Infinity":49,"b:98:10:104:Infinity:undefined:undefined:undefined:undefined":8,"s:98:10:104:Infinity":50,"s:99:12:99:Infinity":51,"s:100:12:100:Infinity":52,"s:101:12:101:Infinity":53,"s:102:12:102:Infinity":54,"f:102:38:102:44":11,"s:103:12:103:Infinity":55,"s:108:8:120:Infinity":56,"f:108:28:108:29":12,"s:109:10:111:Infinity":57,"b:112:10:119:Infinity:undefined:undefined:undefined:undefined":9,"s:112:10:119:Infinity":58,"s:113:12:113:Infinity":59,"s:114:12:114:Infinity":60,"s:115:12:115:Infinity":61,"s:116:12:116:Infinity":62,"s:117:12:117:Infinity":63,"s:118:12:118:Infinity":64,"s:122:8:129:Infinity":65,"f:122:27:122:28":13,"s:123:10:123:Infinity":66,"b:124:10:128:Infinity:undefined:undefined:undefined:undefined":10,"s:124:10:128:Infinity":67,"s:125:12:125:Infinity":68,"s:126:12:126:Infinity":69,"s:127:12:127:Infinity":70,"s:131:8:138:Infinity":71,"f:131:31:131:32":14,"s:132:10:132:Infinity":72,"b:133:10:137:Infinity:undefined:undefined:undefined:undefined":11,"s:133:10:137:Infinity":73,"s:134:12:134:Infinity":74,"s:135:12:135:Infinity":75,"s:136:12:136:Infinity":76,"s:141:6:144:Infinity":77,"b:143:33:143:49:143:49:143:Infinity":12,"s:145:6:145:Infinity":78}}}
,"C:\\Users\\User\\Desktop\\Proyectos\\nir-monitor\\src\\main\\services\\DeviceManager.ts": {"path":"C:\\Users\\User\\Desktop\\Proyectos\\nir-monitor\\src\\main\\services\\DeviceManager.ts","statementMap":{"0":{"start":{"line":15,"column":22},"end":{"line":15,"column":null}},"1":{"start":{"line":18,"column":37},"end":{"line":18,"column":null}},"2":{"start":{"line":19,"column":34},"end":{"line":19,"column":null}},"3":{"start":{"line":20,"column":39},"end":{"line":20,"column":null}},"4":{"start":{"line":21,"column":30},"end":{"line":21,"column":null}},"5":{"start":{"line":22,"column":51},"end":{"line":22,"column":null}},"6":{"start":{"line":23,"column":35},"end":{"line":23,"column":null}},"7":{"start":{"line":27,"column":4},"end":{"line":27,"column":null}},"8":{"start":{"line":28,"column":4},"end":{"line":28,"column":null}},"9":{"start":{"line":34,"column":4},"end":{"line":34,"column":null}},"10":{"start":{"line":35,"column":4},"end":{"line":35,"column":null}},"11":{"start":{"line":41,"column":4},"end":{"line":41,"column":null}},"12":{"start":{"line":45,"column":4},"end":{"line":45,"column":null}},"13":{"start":{"line":49,"column":4},"end":{"line":59,"column":null}},"14":{"start":{"line":65,"column":4},"end":{"line":65,"column":null}},"15":{"start":{"line":65,"column":23},"end":{"line":65,"column":null}},"16":{"start":{"line":66,"column":4},"end":{"line":66,"column":null}},"17":{"start":{"line":67,"column":4},"end":{"line":67,"column":null}},"18":{"start":{"line":69,"column":4},"end":{"line":91,"column":null}},"19":{"start":{"line":70,"column":6},"end":{"line":70,"column":null}},"20":{"start":{"line":73,"column":35},"end":{"line":73,"column":null}},"21":{"start":{"line":75,"column":6},"end":{"line":75,"column":null}},"22":{"start":{"line":78,"column":6},"end":{"line":78,"column":null}},"23":{"start":{"line":78,"column":19},"end":{"line":78,"column":null}},"24":{"start":{"line":79,"column":6},"end":{"line":79,"column":null}},"25":{"start":{"line":79,"column":19},"end":{"line":79,"column":null}},"26":{"start":{"line":82,"column":6},"end":{"line":85,"column":null}},"27":{"start":{"line":86,"column":6},"end":{"line":86,"column":null}},"28":{"start":{"line":88,"column":6},"end":{"line":88,"column":null}},"29":{"start":{"line":89,"column":6},"end":{"line":89,"column":null}},"30":{"start":{"line":90,"column":6},"end":{"line":90,"column":null}},"31":{"start":{"line":93,"column":4},"end":{"line":93,"column":null}},"32":{"start":{"line":99,"column":4},"end":{"line":108,"column":null}},"33":{"start":{"line":100,"column":6},"end":{"line":100,"column":null}},"34":{"start":{"line":101,"column":6},"end":{"line":101,"column":null}},"35":{"start":{"line":101,"column":20},"end":{"line":101,"column":null}},"36":{"start":{"line":102,"column":6},"end":{"line":102,"column":null}},"37":{"start":{"line":103,"column":6},"end":{"line":103,"column":null}},"38":{"start":{"line":105,"column":6},"end":{"line":105,"column":null}},"39":{"start":{"line":105,"column":20},"end":{"line":105,"column":null}},"40":{"start":{"line":106,"column":6},"end":{"line":106,"column":null}},"41":{"start":{"line":107,"column":6},"end":{"line":107,"column":null}},"42":{"start":{"line":110,"column":4},"end":{"line":110,"column":null}},"43":{"start":{"line":111,"column":4},"end":{"line":111,"column":null}},"44":{"start":{"line":115,"column":4},"end":{"line":115,"column":null}},"45":{"start":{"line":116,"column":4},"end":{"line":116,"column":null}},"46":{"start":{"line":116,"column":33},"end":{"line":116,"column":null}},"47":{"start":{"line":117,"column":4},"end":{"line":117,"column":null}},"48":{"start":{"line":117,"column":33},"end":{"line":117,"column":null}},"49":{"start":{"line":118,"column":4},"end":{"line":118,"column":null}},"50":{"start":{"line":119,"column":4},"end":{"line":119,"column":null}},"51":{"start":{"line":125,"column":4},"end":{"line":125,"column":null}},"52":{"start":{"line":126,"column":4},"end":{"line":126,"column":null}},"53":{"start":{"line":128,"column":4},"end":{"line":139,"column":null}},"54":{"start":{"line":129,"column":6},"end":{"line":129,"column":null}},"55":{"start":{"line":130,"column":6},"end":{"line":130,"column":null}},"56":{"start":{"line":133,"column":6},"end":{"line":138,"column":null}},"57":{"start":{"line":134,"column":8},"end":{"line":134,"column":null}},"58":{"start":{"line":135,"column":8},"end":{"line":135,"column":null}},"59":{"start":{"line":137,"column":8},"end":{"line":137,"column":null}},"60":{"start":{"line":141,"column":4},"end":{"line":144,"column":null}},"61":{"start":{"line":142,"column":6},"end":{"line":142,"column":null}},"62":{"start":{"line":143,"column":6},"end":{"line":143,"column":null}},"63":{"start":{"line":146,"column":4},"end":{"line":146,"column":null}},"64":{"start":{"line":147,"column":4},"end":{"line":152,"column":null}},"65":{"start":{"line":148,"column":6},"end":{"line":148,"column":null}},"66":{"start":{"line":149,"column":6},"end":{"line":149,"column":null}},"67":{"start":{"line":151,"column":6},"end":{"line":151,"column":null}},"68":{"start":{"line":156,"column":4},"end":{"line":156,"column":null}},"69":{"start":{"line":156,"column":30},"end":{"line":156,"column":null}},"70":{"start":{"line":158,"column":4},"end":{"line":158,"column":null}},"71":{"start":{"line":160,"column":4},"end":{"line":186,"column":null}},"72":{"start":{"line":161,"column":6},"end":{"line":164,"column":null}},"73":{"start":{"line":162,"column":8},"end":{"line":162,"column":null}},"74":{"start":{"line":163,"column":8},"end":{"line":163,"column":null}},"75":{"start":{"line":166,"column":6},"end":{"line":185,"column":null}},"76":{"start":{"line":168,"column":8},"end":{"line":170,"column":null}},"77":{"start":{"line":169,"column":10},"end":{"line":169,"column":null}},"78":{"start":{"line":172,"column":23},"end":{"line":172,"column":null}},"79":{"start":{"line":173,"column":8},"end":{"line":180,"column":null}},"80":{"start":{"line":174,"column":10},"end":{"line":179,"column":null}},"81":{"start":{"line":182,"column":8},"end":{"line":182,"column":null}},"82":{"start":{"line":190,"column":4},"end":{"line":194,"column":null}},"83":{"start":{"line":191,"column":6},"end":{"line":191,"column":null}},"84":{"start":{"line":192,"column":6},"end":{"line":192,"column":null}},"85":{"start":{"line":193,"column":6},"end":{"line":193,"column":null}},"86":{"start":{"line":198,"column":4},"end":{"line":198,"column":null}},"87":{"start":{"line":199,"column":4},"end":{"line":199,"column":null}},"88":{"start":{"line":201,"column":4},"end":{"line":204,"column":null}},"89":{"start":{"line":202,"column":6},"end":{"line":202,"column":null}},"90":{"start":{"line":203,"column":6},"end":{"line":203,"column":null}},"91":{"start":{"line":206,"column":4},"end":{"line":209,"column":null}},"92":{"start":{"line":207,"column":6},"end":{"line":207,"column":null}},"93":{"start":{"line":208,"column":6},"end":{"line":208,"column":null}},"94":{"start":{"line":211,"column":4},"end":{"line":213,"column":null}},"95":{"start":{"line":212,"column":6},"end":{"line":212,"column":null}},"96":{"start":{"line":215,"column":4},"end":{"line":217,"column":null}},"97":{"start":{"line":216,"column":6},"end":{"line":216,"column":null}},"98":{"start":{"line":219,"column":4},"end":{"line":222,"column":null}},"99":{"start":{"line":220,"column":6},"end":{"line":220,"column":null}},"100":{"start":{"line":221,"column":6},"end":{"line":221,"column":null}},"101":{"start":{"line":224,"column":4},"end":{"line":224,"column":null}},"102":{"start":{"line":225,"column":4},"end":{"line":230,"column":null}},"103":{"start":{"line":226,"column":6},"end":{"line":226,"column":null}},"104":{"start":{"line":227,"column":6},"end":{"line":227,"column":null}},"105":{"start":{"line":229,"column":6},"end":{"line":229,"column":null}}},"fnMap":{"0":{"name":"(anonymous_0)","decl":{"start":{"line":26,"column":2},"end":{"line":26,"column":14}},"loc":{"start":{"line":26,"column":43},"end":{"line":29,"column":null}},"line":26},"1":{"name":"(anonymous_1)","decl":{"start":{"line":33,"column":8},"end":{"line":33,"column":36}},"loc":{"start":{"line":33,"column":36},"end":{"line":36,"column":null}},"line":33},"2":{"name":"(anonymous_2)","decl":{"start":{"line":40,"column":2},"end":{"line":40,"column":32}},"loc":{"start":{"line":40,"column":32},"end":{"line":42,"column":null}},"line":40},"3":{"name":"(anonymous_3)","decl":{"start":{"line":44,"column":2},"end":{"line":44,"column":29}},"loc":{"start":{"line":44,"column":29},"end":{"line":46,"column":null}},"line":44},"4":{"name":"(anonymous_4)","decl":{"start":{"line":48,"column":2},"end":{"line":48,"column":33}},"loc":{"start":{"line":48,"column":33},"end":{"line":60,"column":null}},"line":48},"5":{"name":"(anonymous_5)","decl":{"start":{"line":64,"column":8},"end":{"line":64,"column":44}},"loc":{"start":{"line":64,"column":44},"end":{"line":94,"column":null}},"line":64},"6":{"name":"(anonymous_6)","decl":{"start":{"line":98,"column":8},"end":{"line":98,"column":22}},"loc":{"start":{"line":98,"column":77},"end":{"line":112,"column":null}},"line":98},"7":{"name":"(anonymous_7)","decl":{"start":{"line":114,"column":8},"end":{"line":114,"column":39}},"loc":{"start":{"line":114,"column":39},"end":{"line":120,"column":null}},"line":114},"8":{"name":"(anonymous_8)","decl":{"start":{"line":116,"column":67},"end":{"line":116,"column":73}},"loc":{"start":{"line":116,"column":73},"end":{"line":116,"column":75}},"line":116},"9":{"name":"(anonymous_9)","decl":{"start":{"line":117,"column":67},"end":{"line":117,"column":73}},"loc":{"start":{"line":117,"column":73},"end":{"line":117,"column":75}},"line":117},"10":{"name":"(anonymous_10)","decl":{"start":{"line":124,"column":16},"end":{"line":124,"column":24}},"loc":{"start":{"line":124,"column":53},"end":{"line":153,"column":null}},"line":124},"11":{"name":"(anonymous_11)","decl":{"start":{"line":128,"column":26},"end":{"line":128,"column":27}},"loc":{"start":{"line":128,"column":52},"end":{"line":139,"column":5}},"line":128},"12":{"name":"(anonymous_12)","decl":{"start":{"line":141,"column":25},"end":{"line":141,"column":26}},"loc":{"start":{"line":141,"column":41},"end":{"line":144,"column":5}},"line":141},"13":{"name":"(anonymous_13)","decl":{"start":{"line":155,"column":10},"end":{"line":155,"column":34}},"loc":{"start":{"line":155,"column":34},"end":{"line":187,"column":null}},"line":155},"14":{"name":"(anonymous_14)","decl":{"start":{"line":160,"column":39},"end":{"line":160,"column":51}},"loc":{"start":{"line":160,"column":51},"end":{"line":186,"column":7}},"line":160},"15":{"name":"(anonymous_15)","decl":{"start":{"line":189,"column":10},"end":{"line":189,"column":33}},"loc":{"start":{"line":189,"column":33},"end":{"line":195,"column":null}},"line":189},"16":{"name":"(anonymous_16)","decl":{"start":{"line":197,"column":16},"end":{"line":197,"column":24}},"loc":{"start":{"line":197,"column":53},"end":{"line":231,"column":null}},"line":197},"17":{"name":"(anonymous_17)","decl":{"start":{"line":201,"column":26},"end":{"line":201,"column":27}},"loc":{"start":{"line":201,"column":52},"end":{"line":204,"column":5}},"line":201},"18":{"name":"(anonymous_18)","decl":{"start":{"line":206,"column":25},"end":{"line":206,"column":26}},"loc":{"start":{"line":206,"column":41},"end":{"line":209,"column":5}},"line":206},"19":{"name":"(anonymous_19)","decl":{"start":{"line":211,"column":24},"end":{"line":211,"column":25}},"loc":{"start":{"line":211,"column":42},"end":{"line":213,"column":5}},"line":211},"20":{"name":"(anonymous_20)","decl":{"start":{"line":215,"column":28},"end":{"line":215,"column":29}},"loc":{"start":{"line":215,"column":76},"end":{"line":217,"column":5}},"line":215},"21":{"name":"(anonymous_21)","decl":{"start":{"line":219,"column":28},"end":{"line":219,"column":34}},"loc":{"start":{"line":219,"column":34},"end":{"line":222,"column":5}},"line":219}},"branchMap":{"0":{"loc":{"start":{"line":51,"column":14},"end":{"line":51,"column":null}},"type":"binary-expr","locations":[{"start":{"line":51,"column":14},"end":{"line":51,"column":37}},{"start":{"line":51,"column":37},"end":{"line":51,"column":null}}],"line":51},"1":{"loc":{"start":{"line":52,"column":16},"end":{"line":52,"column":null}},"type":"binary-expr","locations":[{"start":{"line":52,"column":16},"end":{"line":52,"column":36}},{"start":{"line":52,"column":36},"end":{"line":52,"column":null}}],"line":52},"2":{"loc":{"start":{"line":55,"column":14},"end":{"line":55,"column":null}},"type":"binary-expr","locations":[{"start":{"line":55,"column":14},"end":{"line":55,"column":37}},{"start":{"line":55,"column":37},"end":{"line":55,"column":null}}],"line":55},"3":{"loc":{"start":{"line":56,"column":16},"end":{"line":56,"column":null}},"type":"binary-expr","locations":[{"start":{"line":56,"column":16},"end":{"line":56,"column":36}},{"start":{"line":56,"column":36},"end":{"line":56,"column":null}}],"line":56},"4":{"loc":{"start":{"line":65,"column":4},"end":{"line":65,"column":null}},"type":"if","locations":[{"start":{"line":65,"column":4},"end":{"line":65,"column":null}},{"start":{},"end":{}}],"line":65},"5":{"loc":{"start":{"line":78,"column":6},"end":{"line":78,"column":null}},"type":"if","locations":[{"start":{"line":78,"column":6},"end":{"line":78,"column":null}},{"start":{},"end":{}}],"line":78},"6":{"loc":{"start":{"line":79,"column":6},"end":{"line":79,"column":null}},"type":"if","locations":[{"start":{"line":79,"column":6},"end":{"line":79,"column":null}},{"start":{},"end":{}}],"line":79},"7":{"loc":{"start":{"line":83,"column":16},"end":{"line":83,"column":null}},"type":"binary-expr","locations":[{"start":{"line":83,"column":16},"end":{"line":83,"column":27}},{"start":{"line":83,"column":27},"end":{"line":83,"column":null}}],"line":83},"8":{"loc":{"start":{"line":84,"column":13},"end":{"line":84,"column":null}},"type":"binary-expr","locations":[{"start":{"line":84,"column":13},"end":{"line":84,"column":24}},{"start":{"line":84,"column":24},"end":{"line":84,"column":null}}],"line":84},"9":{"loc":{"start":{"line":99,"column":4},"end":{"line":108,"column":null}},"type":"if","locations":[{"start":{"line":99,"column":4},"end":{"line":108,"column":null}},{"start":{"line":104,"column":11},"end":{"line":108,"column":null}}],"line":99},"10":{"loc":{"start":{"line":101,"column":6},"end":{"line":101,"column":null}},"type":"if","locations":[{"start":{"line":101,"column":6},"end":{"line":101,"column":null}},{"start":{},"end":{}}],"line":101},"11":{"loc":{"start":{"line":105,"column":6},"end":{"line":105,"column":null}},"type":"if","locations":[{"start":{"line":105,"column":6},"end":{"line":105,"column":null}},{"start":{},"end":{}}],"line":105},"12":{"loc":{"start":{"line":116,"column":4},"end":{"line":116,"column":null}},"type":"if","locations":[{"start":{"line":116,"column":4},"end":{"line":116,"column":null}},{"start":{},"end":{}}],"line":116},"13":{"loc":{"start":{"line":117,"column":4},"end":{"line":117,"column":null}},"type":"if","locations":[{"start":{"line":117,"column":4},"end":{"line":117,"column":null}},{"start":{},"end":{}}],"line":117},"14":{"loc":{"start":{"line":133,"column":6},"end":{"line":138,"column":null}},"type":"if","locations":[{"start":{"line":133,"column":6},"end":{"line":138,"column":null}},{"start":{"line":136,"column":13},"end":{"line":138,"column":null}}],"line":133},"15":{"loc":{"start":{"line":156,"column":4},"end":{"line":156,"column":null}},"type":"if","locations":[{"start":{"line":156,"column":4},"end":{"line":156,"column":null}},{"start":{},"end":{}}],"line":156},"16":{"loc":{"start":{"line":161,"column":6},"end":{"line":164,"column":null}},"type":"if","locations":[{"start":{"line":161,"column":6},"end":{"line":164,"column":null}},{"start":{},"end":{}}],"line":161},"17":{"loc":{"start":{"line":168,"column":8},"end":{"line":170,"column":null}},"type":"if","locations":[{"start":{"line":168,"column":8},"end":{"line":170,"column":null}},{"start":{},"end":{}}],"line":168},"18":{"loc":{"start":{"line":173,"column":8},"end":{"line":180,"column":null}},"type":"if","locations":[{"start":{"line":173,"column":8},"end":{"line":180,"column":null}},{"start":{},"end":{}}],"line":173},"19":{"loc":{"start":{"line":190,"column":4},"end":{"line":194,"column":null}},"type":"if","locations":[{"start":{"line":190,"column":4},"end":{"line":194,"column":null}},{"start":{},"end":{}}],"line":190}},"s":{"0":2,"1":13,"2":13,"3":13,"4":13,"5":13,"6":13,"7":13,"8":13,"9":1,"10":1,"11":0,"12":0,"13":24,"14":10,"15":0,"16":10,"17":10,"18":10,"19":10,"20":10,"21":10,"22":10,"23":4,"24":10,"25":4,"26":10,"27":10,"28":10,"29":10,"30":10,"31":10,"32":1,"33":1,"34":1,"35":1,"36":1,"37":1,"38":0,"39":0,"40":0,"41":0,"42":1,"43":1,"44":11,"45":11,"46":1,"47":11,"48":1,"49":11,"50":11,"51":4,"52":4,"53":4,"54":8,"55":8,"56":8,"57":1,"58":1,"59":7,"60":4,"61":0,"62":0,"63":4,"64":4,"65":4,"66":1,"67":3,"68":1,"69":0,"70":1,"71":1,"72":6,"73":0,"74":0,"75":6,"76":6,"77":2,"78":6,"79":6,"80":6,"81":6,"82":19,"83":0,"84":0,"85":0,"86":4,"87":4,"88":4,"89":5,"90":5,"91":4,"92":0,"93":0,"94":4,"95":4,"96":4,"97":1,"98":4,"99":0,"100":0,"101":4,"102":4,"103":4,"104":1,"105":3},"f":{"0":13,"1":1,"2":0,"3":0,"4":24,"5":10,"6":1,"7":11,"8":0,"9":0,"10":4,"11":8,"12":0,"13":1,"14":6,"15":19,"16":4,"17":5,"18":0,"19":4,"20":1,"21":0},"b":{"0":[24,14],"1":[24,14],"2":[24,16],"3":[24,16],"4":[0,10],"5":[4,6],"6":[4,6],"7":[10,6],"8":[10,6],"9":[1,0],"10":[1,0],"11":[0,0],"12":[1,10],"13":[1,10],"14":[1,7],"15":[0,1],"16":[0,6],"17":[2,4],"18":[6,0],"19":[0,19]},"meta":{"lastBranch":20,"lastFunction":22,"lastStatement":106,"seen":{"s:15:22:15:Infinity":0,"s:18:37:18:Infinity":1,"s:19:34:19:Infinity":2,"s:20:39:20:Infinity":3,"s:21:30:21:Infinity":4,"s:22:51:22:Infinity":5,"s:23:35:23:Infinity":6,"f:26:2:26:14":0,"s:27:4:27:Infinity":7,"s:28:4:28:Infinity":8,"f:33:8:33:36":1,"s:34:4:34:Infinity":9,"s:35:4:35:Infinity":10,"f:40:2:40:32":2,"s:41:4:41:Infinity":11,"f:44:2:44:29":3,"s:45:4:45:Infinity":12,"f:48:2:48:33":4,"s:49:4:59:Infinity":13,"b:51:14:51:37:51:37:51:Infinity":0,"b:52:16:52:36:52:36:52:Infinity":1,"b:55:14:55:37:55:37:55:Infinity":2,"b:56:16:56:36:56:36:56:Infinity":3,"f:64:8:64:44":5,"b:65:4:65:Infinity:undefined:undefine
[...]
end":{"line":81,"column":null}},{"start":{},"end":{}}],"line":81},"5":{"loc":{"start":{"line":82,"column":4},"end":{"line":82,"column":null}},"type":"if","locations":[{"start":{"line":82,"column":4},"end":{"line":82,"column":null}},{"start":{},"end":{}}],"line":82},"6":{"loc":{"start":{"line":83,"column":4},"end":{"line":83,"column":null}},"type":"if","locations":[{"start":{"line":83,"column":4},"end":{"line":83,"column":null}},{"start":{},"end":{}}],"line":83},"7":{"loc":{"start":{"line":86,"column":4},"end":{"line":86,"column":null}},"type":"if","locations":[{"start":{"line":86,"column":4},"end":{"line":86,"column":null}},{"start":{},"end":{}}],"line":86},"8":{"loc":{"start":{"line":88,"column":4},"end":{"line":91,"column":null}},"type":"if","locations":[{"start":{"line":88,"column":4},"end":{"line":91,"column":null}},{"start":{},"end":{}}],"line":88},"9":{"loc":{"start":{"line":94,"column":4},"end":{"line":96,"column":null}},"type":"if","locations":[{"start":{"line":94,"column":4},"end":{"line":96,"column":null}},{"start":{},"end":{}}],"line":94},"10":{"loc":{"start":{"line":100,"column":4},"end":{"line":100,"column":null}},"type":"if","locations":[{"start":{"line":100,"column":4},"end":{"line":100,"column":null}},{"start":{},"end":{}}],"line":100},"11":{"loc":{"start":{"line":101,"column":4},"end":{"line":101,"column":null}},"type":"if","locations":[{"start":{"line":101,"column":4},"end":{"line":101,"column":null}},{"start":{},"end":{}}],"line":101},"12":{"loc":{"start":{"line":102,"column":4},"end":{"line":102,"column":null}},"type":"if","locations":[{"start":{"line":102,"column":4},"end":{"line":102,"column":null}},{"start":{},"end":{}}],"line":102},"13":{"loc":{"start":{"line":110,"column":4},"end":{"line":110,"column":null}},"type":"if","locations":[{"start":{"line":110,"column":4},"end":{"line":110,"column":null}},{"start":{},"end":{}}],"line":110},"14":{"loc":{"start":{"line":114,"column":6},"end":{"line":114,"column":null}},"type":"if","locations":[{"start":{"line":114,"column":6},"end":{"line":114,"column":null}},{"start":{},"end":{}}],"line":114},"15":{"loc":{"start":{"line":114,"column":10},"end":{"line":114,"column":35}},"type":"binary-expr","locations":[{"start":{"line":114,"column":10},"end":{"line":114,"column":24}},{"start":{"line":114,"column":24},"end":{"line":114,"column":35}}],"line":114},"16":{"loc":{"start":{"line":119,"column":6},"end":{"line":119,"column":null}},"type":"if","locations":[{"start":{"line":119,"column":6},"end":{"line":119,"column":null}},{"start":{},"end":{}}],"line":119},"17":{"loc":{"start":{"line":119,"column":10},"end":{"line":119,"column":31}},"type":"binary-expr","locations":[{"start":{"line":119,"column":10},"end":{"line":119,"column":23}},{"start":{"line":119,"column":23},"end":{"line":119,"column":31}}],"line":119},"18":{"loc":{"start":{"line":124,"column":6},"end":{"line":124,"column":null}},"type":"if","locations":[{"start":{"line":124,"column":6},"end":{"line":124,"column":null}},{"start":{},"end":{}}],"line":124}},"s":{"0":3,"1":8,"2":8,"3":8,"4":8,"5":8,"6":8,"7":8,"8":8,"9":4,"10":4,"11":3,"12":3,"13":3,"14":3,"15":1,"16":2,"17":1,"18":0,"19":0,"20":2,"21":2,"22":1,"23":2,"24":0,"25":2,"26":0,"27":2,"28":0,"29":2,"30":2,"31":0,"32":2,"33":2,"34":2,"35":0,"36":0,"37":0,"38":2,"39":0,"40":2,"41":0,"42":2,"43":0,"44":2,"45":4,"46":0,"47":4,"48":4,"49":4,"50":0,"51":4,"52":4,"53":4,"54":0,"55":4,"56":4,"57":4,"58":0,"59":4,"60":4,"61":4,"62":4,"63":0,"64":0,"65":0,"66":0,"67":0,"68":0,"69":0,"70":0,"71":0},"f":{"0":8,"1":4,"2":4,"3":3,"4":2,"5":1,"6":2,"7":1,"8":2,"9":2,"10":4,"11":0,"12":0},"b":{"0":[8],"1":[1,2],"2":[0,1],"3":[2,0],"4":[0,2],"5":[0,2],"6":[0,2],"7":[0,2],"8":[2,0],"9":[0,0],"10":[0,2],"11":[0,2],"12":[0,2],"13":[0,4],"14":[0,4],"15":[4,4],"16":[0,4],"17":[4,4],"18":[0,4]},"meta":{"lastBranch":19,"lastFunction":13,"lastStatement":72,"seen":{"s:15:54:19:Infinity":0,"s:23:30:23:Infinity":1,"s:24:37:24:Infinity":2,"s:25:35:25:Infinity":3,"s:27:50:27:Infinity":4,"s:28:45:28:Infinity":5,"s:29:31:29:Infinity":6,"f:31:2:31:14":0,"b:31:40:31:63":0,"s:32:4:32:Infinity":7,"s:33:4:33:Infinity":8,"f:38:2:38:9":1,"s:39:4:39:Infinity":9,"f:42:2:42:9":2,"s:43:4:43:Infinity":10,"f:48:2:48:8":3,"s:49:4:49:Infinity":11,"s:50:4:50:Infinity":12,"s:51:4:51:Infinity":13,"b:53:4:55:Infinity:undefined:undefined:undefined:undefined":1,"s:53:4:55:Infinity":14,"s:54:6:54:Infinity":15,"f:54:35:54:41":4,"s:54:41:54:60":16,"f:59:2:59:15":5,"b:60:4:63:Infinity:undefined:undefined:undefined:undefined":2,"s:60:4:63:Infinity":17,"s:61:6:61:Infinity":18,"s:62:6:62:Infinity":19,"f:68:2:68:16":6,"b:69:4:71:Infinity:undefined:undefined:undefined:undefined":3,"s:69:4:71:Infinity":20,"s:70:6:70:Infinity":21,"f:74:2:74:15":7,"s:75:4:75:Infinity":22,"f:80:10:80:34":8,"b:81:4:81:Infinity:undefined:undefined:undefined:undefined":4,"s:81:4:81:Infinity":23,"s:81:16:81:Infinity":24,"b:82:4:82:Infinity:undefined:undefined:undefined:undefined":5,"s:82:4:82:Infinity":25,"s:82:19:82:Infinity":26,"b:83:4:83:Infinity:undefined:undefined:undefined:undefined":6,"s:83:4:83:Infinity":27,"s:83:20:83:Infinity":28,"s:85:28:85:Infinity":29,"b:86:4:86:Infinity:undefined:undefined:undefined:undefined":7,"s:86:4:86:Infinity":30,"s:86:26:86:Infinity":31,"b:88:4:91:Infinity:undefined:undefined:undefined:undefined":8,"s:88:4:91:Infinity":32,"s:89:6:89:Infinity":33,"s:90:6:90:Infinity":34,"s:93:17:93:Infinity":35,"b:94:4:96:Infinity:undefined:undefined:undefined:undefined":9,"s:94:4:96:Infinity":36,"s:95:6:95:Infinity":37,"f:99:10:99:29":9,"b:100:4:100:Infinity:undefined:undefined:undefined:undefined":10,"s:100:4:100:Infinity":38,"s:100:19:100:Infinity":39,"b:101:4:101:Infinity:undefined:undefined:undefined:undefined":11,"s:101:4:101:Infinity":40,"s:101:20:101:Infinity":41,"b:102:4:102:Infinity:undefined:undefined:undefined:undefined":12,"s:102:4:102:Infinity":42,"s:102:36:102:Infinity":43,"s:104:4:104:Infinity":44,"f:109:16:109:41":10,"b:110:4:110:Infinity:undefined:undefined:undefined:undefined":13,"s:110:4:110:Infinity":45,"s:110:24:110:Infinity":46,"s:111:4:111:Infinity":47,"s:113:4:143:Infinity":48,"b:114:6:114:Infinity:undefined:undefined:undefined:undefined":14,"s:114:6:114:Infinity":49,"b:114:10:114:24:114:24:114:35":15,"s:114:35:114:Infinity":50,"s:117:23:117:Infinity":51,"s:118:20:118:Infinity":52,"b:119:6:119:Infinity:undefined:undefined:undefined:undefined":16,"s:119:6:119:Infinity":53,"b:119:10:119:23:119:23:119:31":17,"s:119:31:119:Infinity":54,"s:121:21:121:Infinity":55,"s:122:6:122:Infinity":56,"b:124:6:124:Infinity:undefined:undefined:undefined:undefined":18,"s:124:6:124:Infinity":57,"s:124:19:124:Infinity":58,"s:126:41:137:Infinity":59,"s:139:6:139:Infinity":60,"s:140:6:140:Infinity":61,"s:142:6:142:Infinity":62,"f:149:9:149:25":11,"s:150:12:150:Infinity":63,"s:151:16:151:Infinity":64,"f:151:16:151:17":12,"s:151:42:151:Infinity":65,"s:153:15:153:Infinity":66,"s:154:15:154:Infinity":67,"s:156:17:156:Infinity":68,"s:157:17:157:Infinity":69,"s:159:12:159:Infinity":70,"s:161:2:161:Infinity":71}}}
,"C:\\Users\\User\\Desktop\\Proyectos\\nir-monitor\\src\\main\\services\\PortConfig.ts": {"path":"C:\\Users\\User\\Desktop\\Proyectos\\nir-monitor\\src\\main\\services\\PortConfig.ts","statementMap":{"0":{"start":{"line":10,"column":33},"end":{"line":10,"column":null}},"1":{"start":{"line":13,"column":2},"end":{"line":15,"column":null}},"2":{"start":{"line":14,"column":4},"end":{"line":14,"column":null}},"3":{"start":{"line":16,"column":2},"end":{"line":16,"column":null}},"4":{"start":{"line":20,"column":2},"end":{"line":26,"column":null}},"5":{"start":{"line":21,"column":21},"end":{"line":21,"column":null}},"6":{"start":{"line":22,"column":4},"end":{"line":22,"column":null}},"7":{"start":{"line":22,"column":31},"end":{"line":22,"column":null}},"8":{"start":{"line":23,"column":4},"end":{"line":23,"column":null}},"9":{"start":{"line":25,"column":4},"end":{"line":25,"column":null}},"10":{"start":{"line":30,"column":2},"end":{"line":35,"column":null}},"11":{"start":{"line":31,"column":21},"end":{"line":31,"column":null}},"12":{"start":{"line":32,"column":4},"end":{"line":32,"column":null}},"13":{"start":{"line":34,"column":4},"end":{"line":34,"column":null}}},"fnMap":{"0":{"name":"getConfigPath","decl":{"start":{"line":12,"column":9},"end":{"line":12,"column":33}},"loc":{"start":{"line":12,"column":33},"end":{"line":17,"column":null}},"line":12},"1":{"name":"loadPortConfig","decl":{"start":{"line":19,"column":16},"end":{"line":19,"column":49}},"loc":{"start":{"line":19,"column":49},"end":{"line":27,"column":null}},"line":19},"2":{"name":"savePortConfig","decl":{"start":{"line":29,"column":16},"end":{"line":29,"column":31}},"loc":{"start":{"line":29,"column":61},"end":{"line":36,"column":null}},"line":29}},"branchMap":{"0":{"loc":{"start":{"line":13,"column":2},"end":{"line":15,"column":null}},"type":"if","locations":[{"start":{"line":13,"column":2},"end":{"line":15,"column":null}},{"start":{},"end":{}}],"line":13},"1":{"loc":{"start":{"line":22,"column":4},"end":{"line":22,"column":null}},"type":"if","locations":[{"start":{"line":22,"column":4},"end":{"line":22,"column":null}},{"start":{},"end":{}}],"line":22}},"s":{"0":1,"1":4,"2":4,"3":0,"4":0,"5":0,"6":0,"7":0,"8":0,"9":0,"10":4,"11":4,"12":4,"13":4},"f":{"0":4,"1":0,"2":4},"b":{"0":[4,0],"1":[0,0]},"meta":{"lastBranch":2,"lastFunction":3,"lastStatement":14,"seen":{"s:10:33:10:Infinity":0,"f:12:9:12:33":0,"b:13:2:15:Infinity:undefined:undefined:undefined:undefined":0,"s:13:2:15:Infinity":1,"s:14:4:14:Infinity":2,"s:16:2:16:Infinity":3,"f:19:16:19:49":1,"s:20:2:26:Infinity":4,"s:21:21:21:Infinity":5,"b:22:4:22:Infinity:undefined:undefined:undefined:undefined":1,"s:22:4:22:Infinity":6,"s:22:31:22:Infinity":7,"s:23:4:23:Infinity":8,"s:25:4:25:Infinity":9,"f:29:16:29:31":2,"s:30:2:35:Infinity":10,"s:31:21:31:Infinity":11,"s:32:4:32:Infinity":12,"s:34:4:34:Infinity":13}}}
,"C:\\Users\\User\\Desktop\\Proyectos\\nir-monitor\\src\\main\\services\\SessionService.ts": {"path":"C:\\Users\\User\\Desktop\\Proyectos\\nir-monitor\\src\\main\\services\\SessionService.ts","statementMap":{"0":{"start":{"line":12,"column":32},"end":{"line":12,"column":null}},"1":{"start":{"line":13,"column":44},"end":{"line":13,"column":null}},"2":{"start":{"line":14,"column":30},"end":{"line":14,"column":null}},"3":{"start":{"line":15,"column":31},"end":{"line":15,"column":null}},"4":{"start":{"line":16,"column":26},"end":{"line":16,"column":null}},"5":{"start":{"line":19,"column":37},"end":{"line":19,"column":null}},"6":{"start":{"line":20,"column":34},"end":{"line":20,"column":null}},"7":{"start":{"line":23,"column":4},"end":{"line":23,"column":null}},"8":{"start":{"line":24,"column":4},"end":{"line":24,"column":null}},"9":{"start":{"line":26,"column":4},"end":{"line":29,"column":null}},"10":{"start":{"line":27,"column":6},"end":{"line":27,"column":null}},"11":{"start":{"line":28,"column":6},"end":{"line":28,"column":null}},"12":{"start":{"line":35,"column":4},"end":{"line":35,"column":null}},"13":{"start":{"line":36,"column":4},"end":{"line":36,"column":null}},"14":{"start":{"line":40,"column":4},"end":{"line":40,"column":null}},"15":{"start":{"line":41,"column":4},"end":{"line":41,"column":null}},"16":{"start":{"line":43,"column":4},"end":{"line":49,"column":null}},"17":{"start":{"line":44,"column":6},"end":{"line":44,"column":null}},"18":{"start":{"line":46,"column":6},"end":{"line":48,"column":null}},"19":{"start":{"line":47,"column":8},"end":{"line":47,"column":null}},"20":{"start":{"line":55,"column":4},"end":{"line":57,"column":null}},"21":{"start":{"line":56,"column":6},"end":{"line":56,"column":null}},"22":{"start":{"line":58,"column":4},"end":{"line":58,"column":null}},"23":{"start":{"line":58,"column":34},"end":{"line":58,"column":null}},"24":{"start":{"line":59,"column":4},"end":{"line":59,"column":null}},"25":{"start":{"line":59,"column":34},"end":{"line":59,"column":null}},"26":{"start":{"line":61,"column":4},"end":{"line":61,"column":null}},"27":{"start":{"line":62,"column":4},"end":{"line":62,"column":null}},"28":{"start":{"line":63,"column":4},"end":{"line":63,"column":null}},"29":{"start":{"line":64,"column":4},"end":{"line":64,"column":null}},"30":{"start":{"line":66,"column":4},"end":{"line":66,"column":null}},"31":{"start":{"line":66,"column":22},"end":{"line":66,"column":null}},"32":{"start":{"line":69,"column":4},"end":{"line":69,"column":null}},"33":{"start":{"line":71,"column":4},"end":{"line":71,"column":null}},"34":{"start":{"line":72,"column":4},"end":{"line":72,"column":null}},"35":{"start":{"line":74,"column":4},"end":{"line":78,"column":null}},"36":{"start":{"line":80,"column":4},"end":{"line":80,"column":null}},"37":{"start":{"line":84,"column":4},"end":{"line":86,"column":null}},"38":{"start":{"line":85,"column":6},"end":{"line":85,"column":null}},"39":{"start":{"line":88,"column":4},"end":{"line":88,"column":null}},"40":{"start":{"line":89,"column":4},"end":{"line":89,"column":null}},"41":{"start":{"line":91,"column":36},"end":{"line":97,"column":null}},"42":{"start":{"line":99,"column":4},"end":{"line":99,"column":null}},"43":{"start":{"line":100,"column":4},"end":{"line":100,"column":null}},"44":{"start":{"line":106,"column":4},"end":{"line":106,"column":null}},"45":{"start":{"line":110,"column":4},"end":{"line":110,"column":null}},"46":{"start":{"line":114,"column":4},"end":{"line":114,"column":null}},"47":{"start":{"line":114,"column":32},"end":{"line":114,"column":null}},"48":{"start":{"line":116,"column":4},"end":{"line":122,"column":null}}},"fnMap":{"0":{"name":"(anonymous_0)","decl":{"start":{"line":22,"column":2},"end":{"line":22,"column":14}},"loc":{"start":{"line":22,"column":40},"end":{"line":30,"column":null}},"line":22},"1":{"name":"(anonymous_1)","decl":{"start":{"line":26,"column":28},"end":{"line":26,"column":29}},"loc":{"start":{"line":26,"column":53},"end":{"line":29,"column":5}},"line":26},"2":{"name":"(anonymous_2)","decl":{"start":{"line":34,"column":2},"end":{"line":34,"column":9}},"loc":{"start":{"line":34,"column":37},"end":{"line":37,"column":null}},"line":34},"3":{"name":"(anonymous_3)","decl":{"start":{"line":39,"column":2},"end":{"line":39,"column":9}},"loc":{"start":{"line":39,"column":34},"end":{"line":50,"column":null}},"line":39},"4":{"name":"(anonymous_4)","decl":{"start":{"line":43,"column":26},"end":{"line":43,"column":27}},"loc":{"start":{"line":43,"column":67},"end":{"line":49,"column":5}},"line":43},"5":{"name":"(anonymous_5)","decl":{"start":{"line":54,"column":8},"end":{"line":54,"column":14}},"loc":{"start":{"line":54,"column":92},"end":{"line":81,"column":null}},"line":54},"6":{"name":"(anonymous_6)","decl":{"start":{"line":83,"column":8},"end":{"line":83,"column":40}},"loc":{"start":{"line":83,"column":40},"end":{"line":101,"column":null}},"line":83},"7":{"name":"(anonymous_7)","decl":{"start":{"line":105,"column":2},"end":{"line":105,"column":27}},"loc":{"start":{"line":105,"column":27},"end":{"line":107,"column":null}},"line":105},"8":{"name":"(anonymous_8)","decl":{"start":{"line":109,"column":2},"end":{"line":109,"column":39}},"loc":{"start":{"line":109,"column":39},"end":{"line":111,"column":null}},"line":109},"9":{"name":"(anonymous_9)","decl":{"start":{"line":113,"column":2},"end":{"line":113,"column":38}},"loc":{"start":{"line":113,"column":38},"end":{"line":123,"column":null}},"line":113}},"branchMap":{"0":{"loc":{"start":{"line":46,"column":6},"end":{"line":48,"column":null}},"type":"if","locations":[{"start":{"line":46,"column":6},"end":{"line":48,"column":null}},{"start":{},"end":{}}],"line":46},"1":{"loc":{"start":{"line":54,"column":14},"end":{"line":54,"column":34}},"type":"default-arg","locations":[{"start":{"line":54,"column":30},"end":{"line":54,"column":34}}],"line":54},"2":{"loc":{"start":{"line":55,"column":4},"end":{"line":57,"column":null}},"type":"if","locations":[{"start":{"line":55,"column":4},"end":{"line":57,"column":null}},{"start":{},"end":{}}],"line":55},"3":{"loc":{"start":{"line":58,"column":4},"end":{"line":58,"column":null}},"type":"if","locations":[{"start":{"line":58,"column":4},"end":{"line":58,"column":null}},{"start":{},"end":{}}],"line":58},"4":{"loc":{"start":{"line":59,"column":4},"end":{"line":59,"column":null}},"type":"if","locations":[{"start":{"line":59,"column":4},"end":{"line":59,"column":null}},{"start":{},"end":{}}],"line":59},"5":{"loc":{"start":{"line":64,"column":17},"end":{"line":64,"column":null}},"type":"binary-expr","locations":[{"start":{"line":64,"column":17},"end":{"line":64,"column":26}},{"start":{"line":64,"column":26},"end":{"line":64,"column":null}}],"line":64},"6":{"loc":{"start":{"line":66,"column":4},"end":{"line":66,"column":null}},"type":"if","locations":[{"start":{"line":66,"column":4},"end":{"line":66,"column":null}},{"start":{},"end":{}}],"line":66},"7":{"loc":{"start":{"line":84,"column":4},"end":{"line":86,"column":null}},"type":"if","locations":[{"start":{"line":84,"column":4},"end":{"line":86,"column":null}},{"start":{},"end":{}}],"line":84},"8":{"loc":{"start":{"line":114,"column":4},"end":{"line":114,"column":null}},"type":"if","locations":[{"start":{"line":114,"column":4},"end":{"line":114,"column":null}},{"start":{},"end":{}}],"line":114},"9":{"loc":{"start":{"line":120,"column":17},"end":{"line":120,"column":null}},"type":"cond-expr","locations":[{"start":{"line":120,"column":44},"end":{"line":120,"column":57}},{"start":{"line":120,"column":57},"end":{"line":120,"column":null}}],"line":120}},"s":{"0":6,"1":6,"2":6,"3":6,"4":6,"5":6,"6":6,"7":6,"8":6,"9":6,"10":1,"11":1,"12":2,"13":2,"14":2,"15":2,"16":2,"17":1,"18":1,"19":1,"20":2,"21":0,"22":2,"23":1,"24":1,"25":0,"26":1,"27":1,"28":1,"29":1,"30":2,"31":1,"32":1,"33":1,"34":1,"35":1,"36":1,"37":1,"38":0,"39":1,"40":1,"41":1,"42":1,"43":1,"44":3,"45":0,"46":0,"47":0,"48":0},"f":{"0":6,"1":1,"2":2,"3":2,"4":1,"5":2,"6":1,"7":3,"8":0,"9":0},"b":{"0":[1,0],"1":[2],"2":[0,2],"3":[1,1],"4":[0,1],"5":[1,0],"6":[1,1],"7":[0,1],"8":[0,0],"9":[0,0]},"meta":{"lastBranch":10,"lastFunction":10,"lastStatement":49,"seen":{"s:12:32:12:Infinity":0,"s:13:44:13:Infinity":1,"s:14:30:14:Infinity":2,"s:15:31:15:Infinity":3,"s:16:26:16:Infinity":4,"s:19:37:19:Infinity":5,"s:20:34:20:Infinity":6,"f:22:2:22:14":0,"s:23:4:23:Infinity":7,"s:24:4:24:Infinity":8,"s:26:4:29:Infinity":9,"f:26:28:26:29":1,"s:27:6:27:Infinity":10,"s:28:6:28:Infinity":11,"f:34:2:34:9":2,"s:35:4:35:Infinity":12,"s:36:4:36:Infinity":13,"f:39:2:39:9":3,"s:40:4:40:Infinity":14,"s:41:4:41:Infinity":15,"s:43:4:49:Infinity":16,"f:43:26:43:27":4,"s:44:6:44:Infinity":17,"b:46:6:48:Infinity:undefined:undefined:undefined:undefined":0,"s:46:6:48:Infinity":18,"s:47:8:47:Infinity":19,"f:54:8:54:14":5,"b:54:30:54:34":1,"b:55:4:57:Infinity:undefined:undefined:undefined:undefined":2,"s:55:4:57:Infinity":20,"s:56:6:56:Infinity":21,"b:58:4:58:Infinity:undefined:undefined:undefined:undefined":3,"s:58:4:58:Infinity":22,"s:58:34:58:Infinity":23,"b:59:4:59:Infinity:undefined:undefined:undefined:undefined":4,"s:59:4:59:Infinity":24,"s:59:34:59:Infinity":25,"s:61:4:61:Infinity":26,"s:62:4:62:Infinity":27,"s:63:4:63:Infinity":28,"s:64:4:64:Infinity":29,"b:64:17:64:26:64:26:64:Infinity":5,"b:66:4:66:Infinity:undefined:undefined:undefined:undefined":6,"s:66:4:66:Infinity":30,"s:66:22:66:Infinity":31,"s:69:4:69:Infinity":32,"s:71:4:71:Infinity":33,"s:72:4:72:Infinity":34,"s:74:4:78:Infinity":35,"s:80:4:80:Infinity":36,"f:83:8:83:40":6,"b:84:4:86:Infinity:undefined:undefined:undefined:undefined":7,"s:84:4:86:Infinity":37,"s:85:6:85:Infinity":38,"s:88:4:88:Infinity":39,"s:89:4:89:Infinity":40,"s:91:36:97:Infinity":41,"s:99:4:99:Infinity":42,"s:100:4:100:Infinity":43,"f:105:2:105:27":7,"s:106:4:106:Infinity":44,"f:109:2:109:39":8,"s:110:4:110:Infinity":45,"f:113:2:113:38":9,"b:114:4:114:Infinity:undefined:undefined:undefined:undefined":8,"s:114:4:114:Infinity":46,"s:114:32:114:Infinity":47,"s:116:4:122:Infinity":48,"b:120:44:120:57:120:57:120:Infinity":9}}}
}
